2025-05-26 21:06:13,882:WARNING:
'cuml' is a soft dependency and not included in the pycaret installation. Please run: `pip install cuml` to install.
2025-05-26 21:06:13,882:WARNING:
'cuml' is a soft dependency and not included in the pycaret installation. Please run: `pip install cuml` to install.
2025-05-26 21:06:13,882:WARNING:
'cuml' is a soft dependency and not included in the pycaret installation. Please run: `pip install cuml` to install.
2025-05-26 21:06:13,882:WARNING:
'cuml' is a soft dependency and not included in the pycaret installation. Please run: `pip install cuml` to install.
2025-05-26 21:06:15,298:WARNING:<ipython-input-1-3bd41af7ecb9>:10: UserWarning: 
The dash_core_components package is deprecated. Please replace
`import dash_core_components as dcc` with `from dash import dcc`
  import dash_core_components as dcc

2025-05-26 21:06:15,298:WARNING:<ipython-input-1-3bd41af7ecb9>:11: UserWarning: 
The dash_html_components package is deprecated. Please replace
`import dash_html_components as html` with `from dash import html`
  import dash_html_components as html

2025-05-26 21:06:16,199:INFO:PyCaret ClusteringExperiment
2025-05-26 21:06:16,199:INFO:Logging name: cluster-default-name
2025-05-26 21:06:16,199:INFO:ML Usecase: MLUsecase.CLUSTERING
2025-05-26 21:06:16,199:INFO:version 3.3.2
2025-05-26 21:06:16,199:INFO:Initializing setup()
2025-05-26 21:06:16,199:INFO:self.USI: 02fd
2025-05-26 21:06:16,199:INFO:self._variable_keys: {'gpu_n_jobs_param', '_ml_usecase', '_available_plots', 'pipeline', 'html_param', 'exp_id', 'idx', 'gpu_param', 'seed', 'logging_param', 'log_plots_param', 'data', 'exp_name_log', 'memory', 'X', 'USI', 'n_jobs_param'}
2025-05-26 21:06:16,199:INFO:Checking environment
2025-05-26 21:06:16,199:INFO:python_version: 3.10.8
2025-05-26 21:06:16,199:INFO:python_build: ('main', 'Nov 24 2022 14:07:00')
2025-05-26 21:06:16,199:INFO:machine: AMD64
2025-05-26 21:06:16,199:INFO:platform: Windows-10-10.0.22631-SP0
2025-05-26 21:06:16,205:INFO:Memory: svmem(total=7916920832, available=1498914816, percent=81.1, used=6418006016, free=1498914816)
2025-05-26 21:06:16,205:INFO:Physical Core: 6
2025-05-26 21:06:16,205:INFO:Logical Core: 6
2025-05-26 21:06:16,205:INFO:Checking libraries
2025-05-26 21:06:16,205:INFO:System:
2025-05-26 21:06:16,205:INFO:    python: 3.10.8 | packaged by conda-forge | (main, Nov 24 2022, 14:07:00) [MSC v.1916 64 bit (AMD64)]
2025-05-26 21:06:16,205:INFO:executable: c:\Users\RhysL\Desktop\ML_Tools\venv\Scripts\python.exe
2025-05-26 21:06:16,205:INFO:   machine: Windows-10-10.0.22631-SP0
2025-05-26 21:06:16,205:INFO:PyCaret required dependencies:
2025-05-26 21:06:16,373:INFO:                 pip: 25.0.1
2025-05-26 21:06:16,373:INFO:          setuptools: 63.2.0
2025-05-26 21:06:16,373:INFO:             pycaret: 3.3.2
2025-05-26 21:06:16,373:INFO:             IPython: 8.33.0
2025-05-26 21:06:16,373:INFO:          ipywidgets: 8.1.5
2025-05-26 21:06:16,373:INFO:                tqdm: 4.67.1
2025-05-26 21:06:16,373:INFO:               numpy: 1.26.4
2025-05-26 21:06:16,373:INFO:              pandas: 2.1.4
2025-05-26 21:06:16,373:INFO:              jinja2: 3.1.5
2025-05-26 21:06:16,373:INFO:               scipy: 1.11.4
2025-05-26 21:06:16,373:INFO:              joblib: 1.3.2
2025-05-26 21:06:16,373:INFO:             sklearn: 1.4.2
2025-05-26 21:06:16,373:INFO:                pyod: 2.0.3
2025-05-26 21:06:16,373:INFO:            imblearn: 0.13.0
2025-05-26 21:06:16,373:INFO:   category_encoders: 2.7.0
2025-05-26 21:06:16,373:INFO:            lightgbm: 4.6.0
2025-05-26 21:06:16,373:INFO:               numba: 0.61.0
2025-05-26 21:06:16,373:INFO:            requests: 2.32.3
2025-05-26 21:06:16,373:INFO:          matplotlib: 3.7.5
2025-05-26 21:06:16,373:INFO:          scikitplot: 0.3.7
2025-05-26 21:06:16,373:INFO:         yellowbrick: 1.5
2025-05-26 21:06:16,373:INFO:              plotly: 6.0.0
2025-05-26 21:06:16,373:INFO:    plotly-resampler: Not installed
2025-05-26 21:06:16,373:INFO:             kaleido: 0.2.1
2025-05-26 21:06:16,373:INFO:           schemdraw: 0.15
2025-05-26 21:06:16,373:INFO:         statsmodels: 0.14.4
2025-05-26 21:06:16,373:INFO:              sktime: 0.26.0
2025-05-26 21:06:16,373:INFO:               tbats: 1.1.3
2025-05-26 21:06:16,373:INFO:            pmdarima: 2.0.4
2025-05-26 21:06:16,373:INFO:              psutil: 7.0.0
2025-05-26 21:06:16,373:INFO:          markupsafe: 3.0.2
2025-05-26 21:06:16,373:INFO:             pickle5: Not installed
2025-05-26 21:06:16,373:INFO:         cloudpickle: 3.1.1
2025-05-26 21:06:16,373:INFO:         deprecation: 2.1.0
2025-05-26 21:06:16,373:INFO:              xxhash: 3.5.0
2025-05-26 21:06:16,373:INFO:           wurlitzer: Not installed
2025-05-26 21:06:16,373:INFO:PyCaret optional dependencies:
2025-05-26 21:06:16,401:INFO:                shap: Not installed
2025-05-26 21:06:16,401:INFO:           interpret: Not installed
2025-05-26 21:06:16,401:INFO:                umap: Not installed
2025-05-26 21:06:16,401:INFO:     ydata_profiling: Not installed
2025-05-26 21:06:16,401:INFO:  explainerdashboard: Not installed
2025-05-26 21:06:16,401:INFO:             autoviz: Not installed
2025-05-26 21:06:16,401:INFO:           fairlearn: Not installed
2025-05-26 21:06:16,401:INFO:          deepchecks: Not installed
2025-05-26 21:06:16,401:INFO:             xgboost: Not installed
2025-05-26 21:06:16,401:INFO:            catboost: Not installed
2025-05-26 21:06:16,401:INFO:              kmodes: Not installed
2025-05-26 21:06:16,401:INFO:             mlxtend: Not installed
2025-05-26 21:06:16,405:INFO:       statsforecast: Not installed
2025-05-26 21:06:16,405:INFO:        tune_sklearn: Not installed
2025-05-26 21:06:16,405:INFO:                 ray: Not installed
2025-05-26 21:06:16,405:INFO:            hyperopt: Not installed
2025-05-26 21:06:16,405:INFO:              optuna: 4.2.1
2025-05-26 21:06:16,405:INFO:               skopt: Not installed
2025-05-26 21:06:16,405:INFO:              mlflow: Not installed
2025-05-26 21:06:16,405:INFO:              gradio: Not installed
2025-05-26 21:06:16,405:INFO:             fastapi: Not installed
2025-05-26 21:06:16,405:INFO:             uvicorn: Not installed
2025-05-26 21:06:16,405:INFO:              m2cgen: Not installed
2025-05-26 21:06:16,405:INFO:           evidently: Not installed
2025-05-26 21:06:16,405:INFO:               fugue: Not installed
2025-05-26 21:06:16,405:INFO:           streamlit: Not installed
2025-05-26 21:06:16,405:INFO:             prophet: Not installed
2025-05-26 21:06:16,405:INFO:None
2025-05-26 21:06:16,405:INFO:Set up data.
2025-05-26 21:06:16,408:INFO:Set up index.
2025-05-26 21:06:16,408:INFO:Assigning column types.
2025-05-26 21:06:16,417:INFO:Engine successfully changes for model 'kmeans' to 'sklearn'.
2025-05-26 21:06:16,417:INFO:Engine for model 'dbscan' has not been set explicitly, hence returning None.
2025-05-26 21:06:16,417:WARNING:
'kmodes' is a soft dependency and not included in the pycaret installation. Please run: `pip install kmodes` to install.
Alternately, you can install this by running `pip install pycaret[models]`
2025-05-26 21:06:16,417:INFO:Engine for model 'dbscan' has not been set explicitly, hence returning None.
2025-05-26 21:06:16,417:WARNING:
'kmodes' is a soft dependency and not included in the pycaret installation. Please run: `pip install kmodes` to install.
Alternately, you can install this by running `pip install pycaret[models]`
2025-05-26 21:06:16,417:INFO:Engine successfully changes for model 'dbscan' to 'sklearn'.
2025-05-26 21:06:16,417:WARNING:
'kmodes' is a soft dependency and not included in the pycaret installation. Please run: `pip install kmodes` to install.
Alternately, you can install this by running `pip install pycaret[models]`
2025-05-26 21:06:16,422:WARNING:
'kmodes' is a soft dependency and not included in the pycaret installation. Please run: `pip install kmodes` to install.
Alternately, you can install this by running `pip install pycaret[models]`
2025-05-26 21:06:16,423:INFO:Preparing preprocessing pipeline...
2025-05-26 21:06:16,423:INFO:Set up simple imputation.
2025-05-26 21:06:16,457:INFO:Finished creating preprocessing pipeline.
2025-05-26 21:06:16,465:INFO:Pipeline: Pipeline(memory=FastMemory(location=C:\Users\RhysL\AppData\Local\Temp\joblib),
         steps=[('numerical_imputer',
                 TransformerWrapper(include=['Age', 'Income', 'SpendingScore',
                                             'Savings'],
                                    transformer=SimpleImputer())),
                ('categorical_imputer',
                 TransformerWrapper(include=[],
                                    transformer=SimpleImputer(strategy='most_frequent')))])
2025-05-26 21:06:16,465:INFO:Creating final display dataframe.
2025-05-26 21:06:16,490:INFO:Setup _display_container:                Description                 Value
0               Session id                   123
1      Original data shape              (505, 4)
2   Transformed data shape              (505, 4)
3         Numeric features                     4
4               Preprocess                  True
5          Imputation type                simple
6       Numeric imputation                  mean
7   Categorical imputation                  mode
8                 CPU Jobs                    -1
9                  Use GPU                 False
10          Log Experiment                 False
11         Experiment Name  cluster-default-name
12                     USI                  02fd
2025-05-26 21:06:16,506:WARNING:
'kmodes' is a soft dependency and not included in the pycaret installation. Please run: `pip install kmodes` to install.
Alternately, you can install this by running `pip install pycaret[models]`
2025-05-26 21:06:16,506:WARNING:
'kmodes' is a soft dependency and not included in the pycaret installation. Please run: `pip install kmodes` to install.
Alternately, you can install this by running `pip install pycaret[models]`
2025-05-26 21:06:16,506:INFO:setup() successfully completed in 0.32s...............
2025-05-26 21:06:16,506:INFO:Initializing create_model()
2025-05-26 21:06:16,506:INFO:create_model(self=<pycaret.clustering.oop.ClusteringExperiment object at 0x000002209F72BC10>, estimator=kmeans, num_clusters=4, fraction=0.05, ground_truth=None, round=4, fit_kwargs=None, experiment_custom_tags=None, verbose=True, system=True, add_to_model_list=True, raise_num_clusters=False, display=None, kwargs={})
2025-05-26 21:06:16,506:INFO:Checking exceptions
2025-05-26 21:06:16,589:INFO:Importing untrained model
2025-05-26 21:06:16,630:INFO:K-Means Clustering Imported successfully
2025-05-26 21:06:16,639:INFO:Fitting Model
2025-05-26 21:06:16,893:INFO:KMeans(n_clusters=4, random_state=123)
2025-05-26 21:06:16,893:INFO:create_models() successfully completed......................................
2025-05-26 21:06:16,910:INFO:Uploading results into container
2025-05-26 21:06:16,910:INFO:Uploading model into container now
2025-05-26 21:06:16,925:INFO:_master_model_container: 1
2025-05-26 21:06:16,925:INFO:_display_container: 2
2025-05-26 21:06:16,925:INFO:KMeans(n_clusters=4, random_state=123)
2025-05-26 21:06:16,925:INFO:create_model() successfully completed......................................
2025-05-26 21:06:17,148:INFO:Initializing assign_model()
2025-05-26 21:06:17,148:INFO:assign_model(self=<pycaret.clustering.oop.ClusteringExperiment object at 0x000002209F72BC10>, model=KMeans(n_clusters=4, random_state=123), transformation=False, score=True, verbose=True)
2025-05-26 21:06:17,164:INFO:Checking exceptions
2025-05-26 21:06:17,164:INFO:Determining Trained Model
2025-05-26 21:06:17,164:INFO:Trained Model : K-Means Clustering
2025-05-26 21:06:17,164:INFO:Copying data
2025-05-26 21:06:17,164:INFO:(505, 5)
2025-05-26 21:06:17,164:INFO:assign_model() successfully completed......................................
