2025-03-14 18:58:38,468:WARNING:
'cuml' is a soft dependency and not included in the pycaret installation. Please run: `pip install cuml` to install.
2025-03-14 18:58:38,468:WARNING:
'cuml' is a soft dependency and not included in the pycaret installation. Please run: `pip install cuml` to install.
2025-03-14 18:58:38,468:WARNING:
'cuml' is a soft dependency and not included in the pycaret installation. Please run: `pip install cuml` to install.
2025-03-14 18:58:38,468:WARNING:
'cuml' is a soft dependency and not included in the pycaret installation. Please run: `pip install cuml` to install.
2025-03-14 18:58:39,767:INFO:PyCaret AnomalyExperiment
2025-03-14 18:58:39,767:INFO:Logging name: anomaly-default-name
2025-03-14 18:58:39,767:INFO:ML Usecase: MLUsecase.ANOMALY
2025-03-14 18:58:39,767:INFO:version 3.3.2
2025-03-14 18:58:39,767:INFO:Initializing setup()
2025-03-14 18:58:39,767:INFO:self.USI: 8aeb
2025-03-14 18:58:39,767:INFO:self._variable_keys: {'pipeline', 'X', 'memory', 'exp_name_log', '_available_plots', 'gpu_param', 'exp_id', 'USI', 'logging_param', '_ml_usecase', 'idx', 'log_plots_param', 'seed', 'html_param', 'data', 'gpu_n_jobs_param', 'n_jobs_param'}
2025-03-14 18:58:39,767:INFO:Checking environment
2025-03-14 18:58:39,767:INFO:python_version: 3.10.8
2025-03-14 18:58:39,767:INFO:python_build: ('main', 'Nov 24 2022 14:07:00')
2025-03-14 18:58:39,767:INFO:machine: AMD64
2025-03-14 18:58:39,767:INFO:platform: Windows-10-10.0.22631-SP0
2025-03-14 18:58:39,771:INFO:Memory: svmem(total=7916920832, available=868560896, percent=89.0, used=7048359936, free=868560896)
2025-03-14 18:58:39,771:INFO:Physical Core: 6
2025-03-14 18:58:39,771:INFO:Logical Core: 6
2025-03-14 18:58:39,771:INFO:Checking libraries
2025-03-14 18:58:39,771:INFO:System:
2025-03-14 18:58:39,771:INFO:    python: 3.10.8 | packaged by conda-forge | (main, Nov 24 2022, 14:07:00) [MSC v.1916 64 bit (AMD64)]
2025-03-14 18:58:39,772:INFO:executable: c:\Users\RhysL\Desktop\ML_Tools\venv\Scripts\python.exe
2025-03-14 18:58:39,772:INFO:   machine: Windows-10-10.0.22631-SP0
2025-03-14 18:58:39,772:INFO:PyCaret required dependencies:
2025-03-14 18:58:39,811:INFO:                 pip: 25.0.1
2025-03-14 18:58:39,811:INFO:          setuptools: 63.2.0
2025-03-14 18:58:39,811:INFO:             pycaret: 3.3.2
2025-03-14 18:58:39,811:INFO:             IPython: 8.33.0
2025-03-14 18:58:39,811:INFO:          ipywidgets: 8.1.5
2025-03-14 18:58:39,811:INFO:                tqdm: 4.67.1
2025-03-14 18:58:39,811:INFO:               numpy: 1.26.4
2025-03-14 18:58:39,811:INFO:              pandas: 2.1.4
2025-03-14 18:58:39,812:INFO:              jinja2: 3.1.5
2025-03-14 18:58:39,812:INFO:               scipy: 1.11.4
2025-03-14 18:58:39,812:INFO:              joblib: 1.3.2
2025-03-14 18:58:39,812:INFO:             sklearn: 1.4.2
2025-03-14 18:58:39,812:INFO:                pyod: 2.0.3
2025-03-14 18:58:39,812:INFO:            imblearn: 0.13.0
2025-03-14 18:58:39,812:INFO:   category_encoders: 2.7.0
2025-03-14 18:58:39,812:INFO:            lightgbm: 4.6.0
2025-03-14 18:58:39,812:INFO:               numba: 0.61.0
2025-03-14 18:58:39,812:INFO:            requests: 2.32.3
2025-03-14 18:58:39,812:INFO:          matplotlib: 3.7.5
2025-03-14 18:58:39,812:INFO:          scikitplot: 0.3.7
2025-03-14 18:58:39,812:INFO:         yellowbrick: 1.5
2025-03-14 18:58:39,812:INFO:              plotly: 6.0.0
2025-03-14 18:58:39,812:INFO:    plotly-resampler: Not installed
2025-03-14 18:58:39,812:INFO:             kaleido: 0.2.1
2025-03-14 18:58:39,812:INFO:           schemdraw: 0.15
2025-03-14 18:58:39,812:INFO:         statsmodels: 0.14.4
2025-03-14 18:58:39,812:INFO:              sktime: 0.26.0
2025-03-14 18:58:39,812:INFO:               tbats: 1.1.3
2025-03-14 18:58:39,812:INFO:            pmdarima: 2.0.4
2025-03-14 18:58:39,812:INFO:              psutil: 7.0.0
2025-03-14 18:58:39,812:INFO:          markupsafe: 3.0.2
2025-03-14 18:58:39,813:INFO:             pickle5: Not installed
2025-03-14 18:58:39,813:INFO:         cloudpickle: 3.1.1
2025-03-14 18:58:39,813:INFO:         deprecation: 2.1.0
2025-03-14 18:58:39,813:INFO:              xxhash: 3.5.0
2025-03-14 18:58:39,813:INFO:           wurlitzer: Not installed
2025-03-14 18:58:39,813:INFO:PyCaret optional dependencies:
2025-03-14 18:58:39,826:INFO:                shap: Not installed
2025-03-14 18:58:39,826:INFO:           interpret: Not installed
2025-03-14 18:58:39,826:INFO:                umap: Not installed
2025-03-14 18:58:39,826:INFO:     ydata_profiling: Not installed
2025-03-14 18:58:39,826:INFO:  explainerdashboard: Not installed
2025-03-14 18:58:39,826:INFO:             autoviz: Not installed
2025-03-14 18:58:39,827:INFO:           fairlearn: Not installed
2025-03-14 18:58:39,827:INFO:          deepchecks: Not installed
2025-03-14 18:58:39,827:INFO:             xgboost: Not installed
2025-03-14 18:58:39,827:INFO:            catboost: Not installed
2025-03-14 18:58:39,827:INFO:              kmodes: Not installed
2025-03-14 18:58:39,827:INFO:             mlxtend: Not installed
2025-03-14 18:58:39,827:INFO:       statsforecast: Not installed
2025-03-14 18:58:39,827:INFO:        tune_sklearn: Not installed
2025-03-14 18:58:39,827:INFO:                 ray: Not installed
2025-03-14 18:58:39,827:INFO:            hyperopt: Not installed
2025-03-14 18:58:39,827:INFO:              optuna: 4.2.1
2025-03-14 18:58:39,827:INFO:               skopt: Not installed
2025-03-14 18:58:39,827:INFO:              mlflow: Not installed
2025-03-14 18:58:39,827:INFO:              gradio: Not installed
2025-03-14 18:58:39,827:INFO:             fastapi: Not installed
2025-03-14 18:58:39,827:INFO:             uvicorn: Not installed
2025-03-14 18:58:39,827:INFO:              m2cgen: Not installed
2025-03-14 18:58:39,827:INFO:           evidently: Not installed
2025-03-14 18:58:39,827:INFO:               fugue: Not installed
2025-03-14 18:58:39,827:INFO:           streamlit: Not installed
2025-03-14 18:58:39,827:INFO:             prophet: Not installed
2025-03-14 18:58:39,827:INFO:None
2025-03-14 18:58:39,827:INFO:Set up data.
2025-03-14 18:58:39,833:INFO:Set up index.
2025-03-14 18:58:39,833:INFO:Assigning column types.
2025-03-14 18:58:39,842:INFO:Engine successfully changes for model 'kmeans' to 'sklearn'.
2025-03-14 18:58:40,666:INFO:Engine successfully changes for model 'dbscan' to 'sklearn'.
2025-03-14 18:58:40,668:INFO:Preparing preprocessing pipeline...
2025-03-14 18:58:40,668:INFO:Set up simple imputation.
2025-03-14 18:58:40,711:INFO:Finished creating preprocessing pipeline.
2025-03-14 18:58:40,716:INFO:Pipeline: Pipeline(memory=FastMemory(location=C:\Users\RhysL\AppData\Local\Temp\joblib),
         steps=[('numerical_imputer',
                 TransformerWrapper(include=['Col1', 'Col2', 'Col3', 'Col4',
                                             'Col5', 'Col6', 'Col7', 'Col8',
                                             'Col9', 'Col10'],
                                    transformer=SimpleImputer())),
                ('categorical_imputer',
                 TransformerWrapper(include=[],
                                    transformer=SimpleImputer(strategy='most_frequent')))])
2025-03-14 18:58:40,716:INFO:Creating final display dataframe.
2025-03-14 18:58:40,744:INFO:Setup _display_container:                Description                 Value
0               Session id                   123
1      Original data shape            (1000, 10)
2   Transformed data shape            (1000, 10)
3         Numeric features                    10
4               Preprocess                  True
5          Imputation type                simple
6       Numeric imputation                  mean
7   Categorical imputation                  mode
8                 CPU Jobs                    -1
9                  Use GPU                 False
10          Log Experiment                 False
11         Experiment Name  anomaly-default-name
12                     USI                  8aeb
2025-03-14 18:58:40,754:INFO:setup() successfully completed in 0.99s...............
2025-03-14 19:01:07,817:INFO:PyCaret AnomalyExperiment
2025-03-14 19:01:07,817:INFO:Logging name: anomaly-default-name
2025-03-14 19:01:07,817:INFO:ML Usecase: MLUsecase.ANOMALY
2025-03-14 19:01:07,817:INFO:version 3.3.2
2025-03-14 19:01:07,817:INFO:Initializing setup()
2025-03-14 19:01:07,817:INFO:self.USI: 1c95
2025-03-14 19:01:07,818:INFO:self._variable_keys: {'pipeline', 'X', 'memory', 'exp_name_log', '_available_plots', 'gpu_param', 'exp_id', 'USI', 'logging_param', '_ml_usecase', 'idx', 'log_plots_param', 'seed', 'html_param', 'data', 'gpu_n_jobs_param', 'n_jobs_param'}
2025-03-14 19:01:07,818:INFO:Checking environment
2025-03-14 19:01:07,818:INFO:python_version: 3.10.8
2025-03-14 19:01:07,818:INFO:python_build: ('main', 'Nov 24 2022 14:07:00')
2025-03-14 19:01:07,818:INFO:machine: AMD64
2025-03-14 19:01:07,818:INFO:platform: Windows-10-10.0.22631-SP0
2025-03-14 19:01:07,823:INFO:Memory: svmem(total=7916920832, available=1048494080, percent=86.8, used=6868426752, free=1048494080)
2025-03-14 19:01:07,823:INFO:Physical Core: 6
2025-03-14 19:01:07,824:INFO:Logical Core: 6
2025-03-14 19:01:07,824:INFO:Checking libraries
2025-03-14 19:01:07,824:INFO:System:
2025-03-14 19:01:07,824:INFO:    python: 3.10.8 | packaged by conda-forge | (main, Nov 24 2022, 14:07:00) [MSC v.1916 64 bit (AMD64)]
2025-03-14 19:01:07,824:INFO:executable: c:\Users\RhysL\Desktop\ML_Tools\venv\Scripts\python.exe
2025-03-14 19:01:07,824:INFO:   machine: Windows-10-10.0.22631-SP0
2025-03-14 19:01:07,824:INFO:PyCaret required dependencies:
2025-03-14 19:01:07,824:INFO:                 pip: 25.0.1
2025-03-14 19:01:07,824:INFO:          setuptools: 63.2.0
2025-03-14 19:01:07,824:INFO:             pycaret: 3.3.2
2025-03-14 19:01:07,824:INFO:             IPython: 8.33.0
2025-03-14 19:01:07,824:INFO:          ipywidgets: 8.1.5
2025-03-14 19:01:07,824:INFO:                tqdm: 4.67.1
2025-03-14 19:01:07,824:INFO:               numpy: 1.26.4
2025-03-14 19:01:07,824:INFO:              pandas: 2.1.4
2025-03-14 19:01:07,824:INFO:              jinja2: 3.1.5
2025-03-14 19:01:07,824:INFO:               scipy: 1.11.4
2025-03-14 19:01:07,824:INFO:              joblib: 1.3.2
2025-03-14 19:01:07,824:INFO:             sklearn: 1.4.2
2025-03-14 19:01:07,824:INFO:                pyod: 2.0.3
2025-03-14 19:01:07,825:INFO:            imblearn: 0.13.0
2025-03-14 19:01:07,825:INFO:   category_encoders: 2.7.0
2025-03-14 19:01:07,825:INFO:            lightgbm: 4.6.0
2025-03-14 19:01:07,825:INFO:               numba: 0.61.0
2025-03-14 19:01:07,825:INFO:            requests: 2.32.3
2025-03-14 19:01:07,825:INFO:          matplotlib: 3.7.5
2025-03-14 19:01:07,825:INFO:          scikitplot: 0.3.7
2025-03-14 19:01:07,825:INFO:         yellowbrick: 1.5
2025-03-14 19:01:07,825:INFO:              plotly: 6.0.0
2025-03-14 19:01:07,825:INFO:    plotly-resampler: Not installed
2025-03-14 19:01:07,825:INFO:             kaleido: 0.2.1
2025-03-14 19:01:07,825:INFO:           schemdraw: 0.15
2025-03-14 19:01:07,825:INFO:         statsmodels: 0.14.4
2025-03-14 19:01:07,825:INFO:              sktime: 0.26.0
2025-03-14 19:01:07,825:INFO:               tbats: 1.1.3
2025-03-14 19:01:07,825:INFO:            pmdarima: 2.0.4
2025-03-14 19:01:07,825:INFO:              psutil: 7.0.0
2025-03-14 19:01:07,825:INFO:          markupsafe: 3.0.2
2025-03-14 19:01:07,825:INFO:             pickle5: Not installed
2025-03-14 19:01:07,825:INFO:         cloudpickle: 3.1.1
2025-03-14 19:01:07,825:INFO:         deprecation: 2.1.0
2025-03-14 19:01:07,825:INFO:              xxhash: 3.5.0
2025-03-14 19:01:07,825:INFO:           wurlitzer: Not installed
2025-03-14 19:01:07,826:INFO:PyCaret optional dependencies:
2025-03-14 19:01:07,826:INFO:                shap: Not installed
2025-03-14 19:01:07,826:INFO:           interpret: Not installed
2025-03-14 19:01:07,826:INFO:                umap: Not installed
2025-03-14 19:01:07,826:INFO:     ydata_profiling: Not installed
2025-03-14 19:01:07,826:INFO:  explainerdashboard: Not installed
2025-03-14 19:01:07,826:INFO:             autoviz: Not installed
2025-03-14 19:01:07,826:INFO:           fairlearn: Not installed
2025-03-14 19:01:07,826:INFO:          deepchecks: Not installed
2025-03-14 19:01:07,826:INFO:             xgboost: Not installed
2025-03-14 19:01:07,826:INFO:            catboost: Not installed
2025-03-14 19:01:07,826:INFO:              kmodes: Not installed
2025-03-14 19:01:07,826:INFO:             mlxtend: Not installed
2025-03-14 19:01:07,826:INFO:       statsforecast: Not installed
2025-03-14 19:01:07,826:INFO:        tune_sklearn: Not installed
2025-03-14 19:01:07,826:INFO:                 ray: Not installed
2025-03-14 19:01:07,826:INFO:            hyperopt: Not installed
2025-03-14 19:01:07,826:INFO:              optuna: 4.2.1
2025-03-14 19:01:07,827:INFO:               skopt: Not installed
2025-03-14 19:01:07,827:INFO:              mlflow: Not installed
2025-03-14 19:01:07,827:INFO:              gradio: Not installed
2025-03-14 19:01:07,827:INFO:             fastapi: Not installed
2025-03-14 19:01:07,827:INFO:             uvicorn: Not installed
2025-03-14 19:01:07,827:INFO:              m2cgen: Not installed
2025-03-14 19:01:07,827:INFO:           evidently: Not installed
2025-03-14 19:01:07,827:INFO:               fugue: Not installed
2025-03-14 19:01:07,827:INFO:           streamlit: Not installed
2025-03-14 19:01:07,827:INFO:             prophet: Not installed
2025-03-14 19:01:07,827:INFO:None
2025-03-14 19:01:07,827:INFO:Set up data.
2025-03-14 19:01:07,831:INFO:Set up index.
2025-03-14 19:01:07,831:INFO:Assigning column types.
2025-03-14 19:01:07,834:INFO:Engine successfully changes for model 'kmeans' to 'sklearn'.
2025-03-14 19:01:07,835:INFO:Engine successfully changes for model 'dbscan' to 'sklearn'.
2025-03-14 19:01:07,837:INFO:Preparing preprocessing pipeline...
2025-03-14 19:01:07,837:INFO:Set up simple imputation.
2025-03-14 19:01:07,862:INFO:Finished creating preprocessing pipeline.
2025-03-14 19:01:07,866:INFO:Pipeline: Pipeline(memory=FastMemory(location=C:\Users\RhysL\AppData\Local\Temp\joblib),
         steps=[('numerical_imputer',
                 TransformerWrapper(include=['Col1', 'Col2', 'Col3', 'Col4',
                                             'Col5', 'Col6', 'Col7', 'Col8',
                                             'Col9', 'Col10'],
                                    transformer=SimpleImputer())),
                ('categorical_imputer',
                 TransformerWrapper(include=[],
                                    transformer=SimpleImputer(strategy='most_frequent')))])
2025-03-14 19:01:07,866:INFO:Creating final display dataframe.
2025-03-14 19:01:07,885:INFO:Setup _display_container:                Description                 Value
0               Session id                   123
1      Original data shape            (1000, 10)
2   Transformed data shape            (1000, 10)
3         Numeric features                    10
4               Preprocess                  True
5          Imputation type                simple
6       Numeric imputation                  mean
7   Categorical imputation                  mode
8                 CPU Jobs                    -1
9                  Use GPU                 False
10          Log Experiment                 False
11         Experiment Name  anomaly-default-name
12                     USI                  1c95
2025-03-14 19:01:07,894:INFO:setup() successfully completed in 0.08s...............
2025-03-14 19:03:44,754:WARNING:
'cuml' is a soft dependency and not included in the pycaret installation. Please run: `pip install cuml` to install.
2025-03-14 19:03:44,755:WARNING:
'cuml' is a soft dependency and not included in the pycaret installation. Please run: `pip install cuml` to install.
2025-03-14 19:03:44,755:WARNING:
'cuml' is a soft dependency and not included in the pycaret installation. Please run: `pip install cuml` to install.
2025-03-14 19:03:44,755:WARNING:
'cuml' is a soft dependency and not included in the pycaret installation. Please run: `pip install cuml` to install.
2025-03-14 19:03:45,908:INFO:PyCaret AnomalyExperiment
2025-03-14 19:03:45,909:INFO:Logging name: anomaly-default-name
2025-03-14 19:03:45,909:INFO:ML Usecase: MLUsecase.ANOMALY
2025-03-14 19:03:45,909:INFO:version 3.3.2
2025-03-14 19:03:45,909:INFO:Initializing setup()
2025-03-14 19:03:45,909:INFO:self.USI: 3eb6
2025-03-14 19:03:45,909:INFO:self._variable_keys: {'_available_plots', 'exp_id', '_ml_usecase', 'exp_name_log', 'USI', 'gpu_n_jobs_param', 'gpu_param', 'n_jobs_param', 'data', 'idx', 'X', 'log_plots_param', 'pipeline', 'memory', 'logging_param', 'html_param', 'seed'}
2025-03-14 19:03:45,909:INFO:Checking environment
2025-03-14 19:03:45,909:INFO:python_version: 3.10.8
2025-03-14 19:03:45,909:INFO:python_build: ('main', 'Nov 24 2022 14:07:00')
2025-03-14 19:03:45,909:INFO:machine: AMD64
2025-03-14 19:03:45,909:INFO:platform: Windows-10-10.0.22631-SP0
2025-03-14 19:03:45,912:INFO:Memory: svmem(total=7916920832, available=628133888, percent=92.1, used=7288786944, free=628133888)
2025-03-14 19:03:45,913:INFO:Physical Core: 6
2025-03-14 19:03:45,913:INFO:Logical Core: 6
2025-03-14 19:03:45,913:INFO:Checking libraries
2025-03-14 19:03:45,913:INFO:System:
2025-03-14 19:03:45,913:INFO:    python: 3.10.8 | packaged by conda-forge | (main, Nov 24 2022, 14:07:00) [MSC v.1916 64 bit (AMD64)]
2025-03-14 19:03:45,913:INFO:executable: c:\Users\RhysL\Desktop\ML_Tools\venv\Scripts\python.exe
2025-03-14 19:03:45,913:INFO:   machine: Windows-10-10.0.22631-SP0
2025-03-14 19:03:45,913:INFO:PyCaret required dependencies:
2025-03-14 19:03:45,945:INFO:                 pip: 25.0.1
2025-03-14 19:03:45,945:INFO:          setuptools: 63.2.0
2025-03-14 19:03:45,945:INFO:             pycaret: 3.3.2
2025-03-14 19:03:45,945:INFO:             IPython: 8.33.0
2025-03-14 19:03:45,945:INFO:          ipywidgets: 8.1.5
2025-03-14 19:03:45,945:INFO:                tqdm: 4.67.1
2025-03-14 19:03:45,945:INFO:               numpy: 1.26.4
2025-03-14 19:03:45,945:INFO:              pandas: 2.1.4
2025-03-14 19:03:45,945:INFO:              jinja2: 3.1.5
2025-03-14 19:03:45,946:INFO:               scipy: 1.11.4
2025-03-14 19:03:45,946:INFO:              joblib: 1.3.2
2025-03-14 19:03:45,946:INFO:             sklearn: 1.4.2
2025-03-14 19:03:45,946:INFO:                pyod: 2.0.3
2025-03-14 19:03:45,946:INFO:            imblearn: 0.13.0
2025-03-14 19:03:45,946:INFO:   category_encoders: 2.7.0
2025-03-14 19:03:45,946:INFO:            lightgbm: 4.6.0
2025-03-14 19:03:45,946:INFO:               numba: 0.61.0
2025-03-14 19:03:45,946:INFO:            requests: 2.32.3
2025-03-14 19:03:45,946:INFO:          matplotlib: 3.7.5
2025-03-14 19:03:45,946:INFO:          scikitplot: 0.3.7
2025-03-14 19:03:45,946:INFO:         yellowbrick: 1.5
2025-03-14 19:03:45,946:INFO:              plotly: 6.0.0
2025-03-14 19:03:45,946:INFO:    plotly-resampler: Not installed
2025-03-14 19:03:45,946:INFO:             kaleido: 0.2.1
2025-03-14 19:03:45,946:INFO:           schemdraw: 0.15
2025-03-14 19:03:45,946:INFO:         statsmodels: 0.14.4
2025-03-14 19:03:45,946:INFO:              sktime: 0.26.0
2025-03-14 19:03:45,946:INFO:               tbats: 1.1.3
2025-03-14 19:03:45,946:INFO:            pmdarima: 2.0.4
2025-03-14 19:03:45,946:INFO:              psutil: 7.0.0
2025-03-14 19:03:45,946:INFO:          markupsafe: 3.0.2
2025-03-14 19:03:45,946:INFO:             pickle5: Not installed
2025-03-14 19:03:45,947:INFO:         cloudpickle: 3.1.1
2025-03-14 19:03:45,947:INFO:         deprecation: 2.1.0
2025-03-14 19:03:45,947:INFO:              xxhash: 3.5.0
2025-03-14 19:03:45,947:INFO:           wurlitzer: Not installed
2025-03-14 19:03:45,947:INFO:PyCaret optional dependencies:
2025-03-14 19:03:45,960:INFO:                shap: Not installed
2025-03-14 19:03:45,960:INFO:           interpret: Not installed
2025-03-14 19:03:45,960:INFO:                umap: Not installed
2025-03-14 19:03:45,960:INFO:     ydata_profiling: Not installed
2025-03-14 19:03:45,960:INFO:  explainerdashboard: Not installed
2025-03-14 19:03:45,960:INFO:             autoviz: Not installed
2025-03-14 19:03:45,960:INFO:           fairlearn: Not installed
2025-03-14 19:03:45,960:INFO:          deepchecks: Not installed
2025-03-14 19:03:45,960:INFO:             xgboost: Not installed
2025-03-14 19:03:45,960:INFO:            catboost: Not installed
2025-03-14 19:03:45,960:INFO:              kmodes: Not installed
2025-03-14 19:03:45,960:INFO:             mlxtend: Not installed
2025-03-14 19:03:45,960:INFO:       statsforecast: Not installed
2025-03-14 19:03:45,960:INFO:        tune_sklearn: Not installed
2025-03-14 19:03:45,960:INFO:                 ray: Not installed
2025-03-14 19:03:45,960:INFO:            hyperopt: Not installed
2025-03-14 19:03:45,960:INFO:              optuna: 4.2.1
2025-03-14 19:03:45,960:INFO:               skopt: Not installed
2025-03-14 19:03:45,961:INFO:              mlflow: Not installed
2025-03-14 19:03:45,961:INFO:              gradio: Not installed
2025-03-14 19:03:45,961:INFO:             fastapi: Not installed
2025-03-14 19:03:45,961:INFO:             uvicorn: Not installed
2025-03-14 19:03:45,961:INFO:              m2cgen: Not installed
2025-03-14 19:03:45,961:INFO:           evidently: Not installed
2025-03-14 19:03:45,961:INFO:               fugue: Not installed
2025-03-14 19:03:45,961:INFO:           streamlit: Not installed
2025-03-14 19:03:45,961:INFO:             prophet: Not installed
2025-03-14 19:03:45,961:INFO:None
2025-03-14 19:03:45,961:INFO:Set up data.
2025-03-14 19:03:45,965:INFO:Set up index.
2025-03-14 19:03:45,965:INFO:Assigning column types.
2025-03-14 19:03:45,968:INFO:Engine successfully changes for model 'kmeans' to 'sklearn'.
2025-03-14 19:03:46,329:INFO:Engine successfully changes for model 'dbscan' to 'sklearn'.
2025-03-14 19:03:46,331:INFO:Preparing preprocessing pipeline...
2025-03-14 19:03:46,331:INFO:Set up simple imputation.
2025-03-14 19:03:46,351:INFO:Finished creating preprocessing pipeline.
2025-03-14 19:03:46,357:INFO:Pipeline: Pipeline(memory=FastMemory(location=C:\Users\RhysL\AppData\Local\Temp\joblib),
         steps=[('numerical_imputer',
                 TransformerWrapper(include=['Col1', 'Col2', 'Col3', 'Col4',
                                             'Col5', 'Col6', 'Col7', 'Col8',
                                             'Col9', 'Col10'],
                                    transformer=SimpleImputer())),
                ('categorical_imputer',
                 TransformerWrapper(include=[],
                                    transformer=SimpleImputer(strategy='most_frequent')))])
2025-03-14 19:03:46,357:INFO:Creating final display dataframe.
2025-03-14 19:03:46,374:INFO:Setup _display_container:                Description                 Value
0               Session id                   123
1      Original data shape            (1000, 10)
2   Transformed data shape            (1000, 10)
3         Numeric features                    10
4               Preprocess                  True
5          Imputation type                simple
6       Numeric imputation                  mean
7   Categorical imputation                  mode
8                 CPU Jobs                    -1
9                  Use GPU                 False
10          Log Experiment                 False
11         Experiment Name  anomaly-default-name
12                     USI                  3eb6
2025-03-14 19:03:46,382:INFO:setup() successfully completed in 0.47s...............
2025-03-14 19:03:51,496:INFO:PyCaret AnomalyExperiment
2025-03-14 19:03:51,497:INFO:Logging name: anomaly-default-name
2025-03-14 19:03:51,497:INFO:ML Usecase: MLUsecase.ANOMALY
2025-03-14 19:03:51,497:INFO:version 3.3.2
2025-03-14 19:03:51,497:INFO:Initializing setup()
2025-03-14 19:03:51,497:INFO:self.USI: d263
2025-03-14 19:03:51,497:INFO:self._variable_keys: {'_available_plots', 'exp_id', '_ml_usecase', 'exp_name_log', 'USI', 'gpu_n_jobs_param', 'gpu_param', 'n_jobs_param', 'data', 'idx', 'X', 'log_plots_param', 'pipeline', 'memory', 'logging_param', 'html_param', 'seed'}
2025-03-14 19:03:51,497:INFO:Checking environment
2025-03-14 19:03:51,497:INFO:python_version: 3.10.8
2025-03-14 19:03:51,497:INFO:python_build: ('main', 'Nov 24 2022 14:07:00')
2025-03-14 19:03:51,497:INFO:machine: AMD64
2025-03-14 19:03:51,497:INFO:platform: Windows-10-10.0.22631-SP0
2025-03-14 19:03:51,501:INFO:Memory: svmem(total=7916920832, available=635060224, percent=92.0, used=7281860608, free=635060224)
2025-03-14 19:03:51,501:INFO:Physical Core: 6
2025-03-14 19:03:51,501:INFO:Logical Core: 6
2025-03-14 19:03:51,501:INFO:Checking libraries
2025-03-14 19:03:51,501:INFO:System:
2025-03-14 19:03:51,501:INFO:    python: 3.10.8 | packaged by conda-forge | (main, Nov 24 2022, 14:07:00) [MSC v.1916 64 bit (AMD64)]
2025-03-14 19:03:51,501:INFO:executable: c:\Users\RhysL\Desktop\ML_Tools\venv\Scripts\python.exe
2025-03-14 19:03:51,501:INFO:   machine: Windows-10-10.0.22631-SP0
2025-03-14 19:03:51,501:INFO:PyCaret required dependencies:
2025-03-14 19:03:51,502:INFO:                 pip: 25.0.1
2025-03-14 19:03:51,502:INFO:          setuptools: 63.2.0
2025-03-14 19:03:51,502:INFO:             pycaret: 3.3.2
2025-03-14 19:03:51,502:INFO:             IPython: 8.33.0
2025-03-14 19:03:51,502:INFO:          ipywidgets: 8.1.5
2025-03-14 19:03:51,502:INFO:                tqdm: 4.67.1
2025-03-14 19:03:51,502:INFO:               numpy: 1.26.4
2025-03-14 19:03:51,502:INFO:              pandas: 2.1.4
2025-03-14 19:03:51,502:INFO:              jinja2: 3.1.5
2025-03-14 19:03:51,502:INFO:               scipy: 1.11.4
2025-03-14 19:03:51,502:INFO:              joblib: 1.3.2
2025-03-14 19:03:51,502:INFO:             sklearn: 1.4.2
2025-03-14 19:03:51,502:INFO:                pyod: 2.0.3
2025-03-14 19:03:51,502:INFO:            imblearn: 0.13.0
2025-03-14 19:03:51,502:INFO:   category_encoders: 2.7.0
2025-03-14 19:03:51,502:INFO:            lightgbm: 4.6.0
2025-03-14 19:03:51,502:INFO:               numba: 0.61.0
2025-03-14 19:03:51,502:INFO:            requests: 2.32.3
2025-03-14 19:03:51,502:INFO:          matplotlib: 3.7.5
2025-03-14 19:03:51,502:INFO:          scikitplot: 0.3.7
2025-03-14 19:03:51,502:INFO:         yellowbrick: 1.5
2025-03-14 19:03:51,503:INFO:              plotly: 6.0.0
2025-03-14 19:03:51,503:INFO:    plotly-resampler: Not installed
2025-03-14 19:03:51,503:INFO:             kaleido: 0.2.1
2025-03-14 19:03:51,503:INFO:           schemdraw: 0.15
2025-03-14 19:03:51,503:INFO:         statsmodels: 0.14.4
2025-03-14 19:03:51,503:INFO:              sktime: 0.26.0
2025-03-14 19:03:51,503:INFO:               tbats: 1.1.3
2025-03-14 19:03:51,503:INFO:            pmdarima: 2.0.4
2025-03-14 19:03:51,503:INFO:              psutil: 7.0.0
2025-03-14 19:03:51,503:INFO:          markupsafe: 3.0.2
2025-03-14 19:03:51,503:INFO:             pickle5: Not installed
2025-03-14 19:03:51,503:INFO:         cloudpickle: 3.1.1
2025-03-14 19:03:51,503:INFO:         deprecation: 2.1.0
2025-03-14 19:03:51,503:INFO:              xxhash: 3.5.0
2025-03-14 19:03:51,503:INFO:           wurlitzer: Not installed
2025-03-14 19:03:51,503:INFO:PyCaret optional dependencies:
2025-03-14 19:03:51,503:INFO:                shap: Not installed
2025-03-14 19:03:51,503:INFO:           interpret: Not installed
2025-03-14 19:03:51,503:INFO:                umap: Not installed
2025-03-14 19:03:51,503:INFO:     ydata_profiling: Not installed
2025-03-14 19:03:51,503:INFO:  explainerdashboard: Not installed
2025-03-14 19:03:51,503:INFO:             autoviz: Not installed
2025-03-14 19:03:51,504:INFO:           fairlearn: Not installed
2025-03-14 19:03:51,504:INFO:          deepchecks: Not installed
2025-03-14 19:03:51,504:INFO:             xgboost: Not installed
2025-03-14 19:03:51,504:INFO:            catboost: Not installed
2025-03-14 19:03:51,504:INFO:              kmodes: Not installed
2025-03-14 19:03:51,504:INFO:             mlxtend: Not installed
2025-03-14 19:03:51,504:INFO:       statsforecast: Not installed
2025-03-14 19:03:51,504:INFO:        tune_sklearn: Not installed
2025-03-14 19:03:51,504:INFO:                 ray: Not installed
2025-03-14 19:03:51,504:INFO:            hyperopt: Not installed
2025-03-14 19:03:51,504:INFO:              optuna: 4.2.1
2025-03-14 19:03:51,504:INFO:               skopt: Not installed
2025-03-14 19:03:51,504:INFO:              mlflow: Not installed
2025-03-14 19:03:51,504:INFO:              gradio: Not installed
2025-03-14 19:03:51,504:INFO:             fastapi: Not installed
2025-03-14 19:03:51,504:INFO:             uvicorn: Not installed
2025-03-14 19:03:51,504:INFO:              m2cgen: Not installed
2025-03-14 19:03:51,505:INFO:           evidently: Not installed
2025-03-14 19:03:51,505:INFO:               fugue: Not installed
2025-03-14 19:03:51,505:INFO:           streamlit: Not installed
2025-03-14 19:03:51,505:INFO:             prophet: Not installed
2025-03-14 19:03:51,505:INFO:None
2025-03-14 19:03:51,505:INFO:Set up data.
2025-03-14 19:03:51,508:INFO:Set up index.
2025-03-14 19:03:51,508:INFO:Assigning column types.
2025-03-14 19:03:51,511:INFO:Engine successfully changes for model 'kmeans' to 'sklearn'.
2025-03-14 19:03:51,512:INFO:Engine successfully changes for model 'dbscan' to 'sklearn'.
2025-03-14 19:03:51,514:INFO:Preparing preprocessing pipeline...
2025-03-14 19:03:51,515:INFO:Set up simple imputation.
2025-03-14 19:03:51,533:INFO:Finished creating preprocessing pipeline.
2025-03-14 19:03:51,537:INFO:Pipeline: Pipeline(memory=FastMemory(location=C:\Users\RhysL\AppData\Local\Temp\joblib),
         steps=[('numerical_imputer',
                 TransformerWrapper(include=['Col1', 'Col2', 'Col3', 'Col4',
                                             'Col5', 'Col6', 'Col7', 'Col8',
                                             'Col9', 'Col10'],
                                    transformer=SimpleImputer())),
                ('categorical_imputer',
                 TransformerWrapper(include=[],
                                    transformer=SimpleImputer(strategy='most_frequent')))])
2025-03-14 19:03:51,538:INFO:Creating final display dataframe.
2025-03-14 19:03:51,557:INFO:Setup _display_container:                Description                 Value
0               Session id                   123
1      Original data shape            (1000, 10)
2   Transformed data shape            (1000, 10)
3         Numeric features                    10
4               Preprocess                  True
5          Imputation type                simple
6       Numeric imputation                  mean
7   Categorical imputation                  mode
8                 CPU Jobs                    -1
9                  Use GPU                 False
10          Log Experiment                 False
11         Experiment Name  anomaly-default-name
12                     USI                  d263
2025-03-14 19:03:51,567:INFO:setup() successfully completed in 0.07s...............
2025-03-14 19:03:53,935:INFO:Initializing create_model()
2025-03-14 19:03:53,936:INFO:create_model(self=<pycaret.anomaly.oop.AnomalyExperiment object at 0x000001FF23288190>, estimator=iforest, num_clusters=4, fraction=0.05, ground_truth=None, round=4, fit_kwargs=None, experiment_custom_tags=None, verbose=True, system=True, add_to_model_list=True, raise_num_clusters=False, display=None, kwargs={})
2025-03-14 19:03:53,936:INFO:Checking exceptions
2025-03-14 19:03:53,979:INFO:Importing untrained model
2025-03-14 19:03:53,984:INFO:Isolation Forest Imported successfully
2025-03-14 19:03:53,990:INFO:Fitting Model
2025-03-14 19:03:54,247:INFO:IForest(behaviour='new', bootstrap=False, contamination=0.05,
    max_features=1.0, max_samples='auto', n_estimators=100, n_jobs=-1,
    random_state=123, verbose=0)
2025-03-14 19:03:54,247:INFO:create_models() successfully completed......................................
2025-03-14 19:03:54,252:INFO:Uploading results into container
2025-03-14 19:03:54,253:INFO:Uploading model into container now
2025-03-14 19:03:54,256:INFO:_master_model_container: 1
2025-03-14 19:03:54,257:INFO:_display_container: 1
2025-03-14 19:03:54,257:INFO:IForest(behaviour='new', bootstrap=False, contamination=0.05,
    max_features=1.0, max_samples='auto', n_estimators=100, n_jobs=-1,
    random_state=123, verbose=0)
2025-03-14 19:03:54,257:INFO:create_model() successfully completed......................................
2025-03-14 19:03:58,293:INFO:gpu_param set to False
2025-03-15 07:48:15,819:WARNING:
'cuml' is a soft dependency and not included in the pycaret installation. Please run: `pip install cuml` to install.
2025-03-15 07:48:15,819:WARNING:
'cuml' is a soft dependency and not included in the pycaret installation. Please run: `pip install cuml` to install.
2025-03-15 07:48:15,819:WARNING:
'cuml' is a soft dependency and not included in the pycaret installation. Please run: `pip install cuml` to install.
2025-03-15 07:48:15,819:WARNING:
'cuml' is a soft dependency and not included in the pycaret installation. Please run: `pip install cuml` to install.
2025-03-15 07:48:18,799:INFO:PyCaret AnomalyExperiment
2025-03-15 07:48:18,807:INFO:Logging name: anomaly-default-name
2025-03-15 07:48:18,807:INFO:ML Usecase: MLUsecase.ANOMALY
2025-03-15 07:48:18,807:INFO:version 3.3.2
2025-03-15 07:48:18,807:INFO:Initializing setup()
2025-03-15 07:48:18,807:INFO:self.USI: 6d96
2025-03-15 07:48:18,807:INFO:self._variable_keys: {'USI', '_available_plots', 'seed', 'logging_param', 'X', 'n_jobs_param', 'data', 'exp_name_log', 'gpu_param', 'html_param', 'exp_id', '_ml_usecase', 'pipeline', 'log_plots_param', 'gpu_n_jobs_param', 'memory', 'idx'}
2025-03-15 07:48:18,807:INFO:Checking environment
2025-03-15 07:48:18,807:INFO:python_version: 3.10.8
2025-03-15 07:48:18,807:INFO:python_build: ('main', 'Nov 24 2022 14:07:00')
2025-03-15 07:48:18,807:INFO:machine: AMD64
2025-03-15 07:48:18,807:INFO:platform: Windows-10-10.0.22631-SP0
2025-03-15 07:48:18,807:INFO:Memory: svmem(total=7916920832, available=1039003648, percent=86.9, used=6877917184, free=1039003648)
2025-03-15 07:48:18,807:INFO:Physical Core: 6
2025-03-15 07:48:18,807:INFO:Logical Core: 6
2025-03-15 07:48:18,807:INFO:Checking libraries
2025-03-15 07:48:18,807:INFO:System:
2025-03-15 07:48:18,807:INFO:    python: 3.10.8 | packaged by conda-forge | (main, Nov 24 2022, 14:07:00) [MSC v.1916 64 bit (AMD64)]
2025-03-15 07:48:18,807:INFO:executable: c:\Users\RhysL\Desktop\ML_Tools\venv\Scripts\python.exe
2025-03-15 07:48:18,807:INFO:   machine: Windows-10-10.0.22631-SP0
2025-03-15 07:48:18,807:INFO:PyCaret required dependencies:
2025-03-15 07:48:18,887:INFO:                 pip: 25.0.1
2025-03-15 07:48:18,887:INFO:          setuptools: 63.2.0
2025-03-15 07:48:18,887:INFO:             pycaret: 3.3.2
2025-03-15 07:48:18,887:INFO:             IPython: 8.33.0
2025-03-15 07:48:18,887:INFO:          ipywidgets: 8.1.5
2025-03-15 07:48:18,887:INFO:                tqdm: 4.67.1
2025-03-15 07:48:18,887:INFO:               numpy: 1.26.4
2025-03-15 07:48:18,887:INFO:              pandas: 2.1.4
2025-03-15 07:48:18,887:INFO:              jinja2: 3.1.5
2025-03-15 07:48:18,887:INFO:               scipy: 1.11.4
2025-03-15 07:48:18,887:INFO:              joblib: 1.3.2
2025-03-15 07:48:18,887:INFO:             sklearn: 1.4.2
2025-03-15 07:48:18,887:INFO:                pyod: 2.0.3
2025-03-15 07:48:18,887:INFO:            imblearn: 0.13.0
2025-03-15 07:48:18,887:INFO:   category_encoders: 2.7.0
2025-03-15 07:48:18,887:INFO:            lightgbm: 4.6.0
2025-03-15 07:48:18,887:INFO:               numba: 0.61.0
2025-03-15 07:48:18,887:INFO:            requests: 2.32.3
2025-03-15 07:48:18,887:INFO:          matplotlib: 3.7.5
2025-03-15 07:48:18,887:INFO:          scikitplot: 0.3.7
2025-03-15 07:48:18,887:INFO:         yellowbrick: 1.5
2025-03-15 07:48:18,887:INFO:              plotly: 6.0.0
2025-03-15 07:48:18,887:INFO:    plotly-resampler: Not installed
2025-03-15 07:48:18,887:INFO:             kaleido: 0.2.1
2025-03-15 07:48:18,887:INFO:           schemdraw: 0.15
2025-03-15 07:48:18,887:INFO:         statsmodels: 0.14.4
2025-03-15 07:48:18,887:INFO:              sktime: 0.26.0
2025-03-15 07:48:18,887:INFO:               tbats: 1.1.3
2025-03-15 07:48:18,887:INFO:            pmdarima: 2.0.4
2025-03-15 07:48:18,887:INFO:              psutil: 7.0.0
2025-03-15 07:48:18,887:INFO:          markupsafe: 3.0.2
2025-03-15 07:48:18,887:INFO:             pickle5: Not installed
2025-03-15 07:48:18,887:INFO:         cloudpickle: 3.1.1
2025-03-15 07:48:18,887:INFO:         deprecation: 2.1.0
2025-03-15 07:48:18,887:INFO:              xxhash: 3.5.0
2025-03-15 07:48:18,887:INFO:           wurlitzer: Not installed
2025-03-15 07:48:18,887:INFO:PyCaret optional dependencies:
2025-03-15 07:48:18,903:INFO:                shap: Not installed
2025-03-15 07:48:18,903:INFO:           interpret: Not installed
2025-03-15 07:48:18,903:INFO:                umap: Not installed
2025-03-15 07:48:18,903:INFO:     ydata_profiling: Not installed
2025-03-15 07:48:18,903:INFO:  explainerdashboard: Not installed
2025-03-15 07:48:18,903:INFO:             autoviz: Not installed
2025-03-15 07:48:18,903:INFO:           fairlearn: Not installed
2025-03-15 07:48:18,903:INFO:          deepchecks: Not installed
2025-03-15 07:48:18,903:INFO:             xgboost: Not installed
2025-03-15 07:48:18,903:INFO:            catboost: Not installed
2025-03-15 07:48:18,903:INFO:              kmodes: Not installed
2025-03-15 07:48:18,903:INFO:             mlxtend: Not installed
2025-03-15 07:48:18,903:INFO:       statsforecast: Not installed
2025-03-15 07:48:18,903:INFO:        tune_sklearn: Not installed
2025-03-15 07:48:18,903:INFO:                 ray: Not installed
2025-03-15 07:48:18,903:INFO:            hyperopt: Not installed
2025-03-15 07:48:18,903:INFO:              optuna: 4.2.1
2025-03-15 07:48:18,903:INFO:               skopt: Not installed
2025-03-15 07:48:18,903:INFO:              mlflow: Not installed
2025-03-15 07:48:18,903:INFO:              gradio: Not installed
2025-03-15 07:48:18,903:INFO:             fastapi: Not installed
2025-03-15 07:48:18,903:INFO:             uvicorn: Not installed
2025-03-15 07:48:18,903:INFO:              m2cgen: Not installed
2025-03-15 07:48:18,903:INFO:           evidently: Not installed
2025-03-15 07:48:18,903:INFO:               fugue: Not installed
2025-03-15 07:48:18,903:INFO:           streamlit: Not installed
2025-03-15 07:48:18,903:INFO:             prophet: Not installed
2025-03-15 07:48:18,903:INFO:None
2025-03-15 07:48:18,903:INFO:Set up data.
2025-03-15 07:48:18,911:INFO:Set up index.
2025-03-15 07:48:18,911:INFO:Assigning column types.
2025-03-15 07:48:18,919:INFO:Engine successfully changes for model 'kmeans' to 'sklearn'.
2025-03-15 07:48:20,040:INFO:Engine successfully changes for model 'dbscan' to 'sklearn'.
2025-03-15 07:48:20,045:INFO:Preparing preprocessing pipeline...
2025-03-15 07:48:20,045:INFO:Set up simple imputation.
2025-03-15 07:48:20,093:INFO:Finished creating preprocessing pipeline.
2025-03-15 07:48:20,109:INFO:Pipeline: Pipeline(memory=FastMemory(location=C:\Users\RhysL\AppData\Local\Temp\joblib),
         steps=[('numerical_imputer',
                 TransformerWrapper(include=['Col1', 'Col2', 'Col3', 'Col4',
                                             'Col5', 'Col6', 'Col7', 'Col8',
                                             'Col9', 'Col10'],
                                    transformer=SimpleImputer())),
                ('categorical_imputer',
                 TransformerWrapper(include=[],
                                    transformer=SimpleImputer(strategy='most_frequent')))])
2025-03-15 07:48:20,109:INFO:Creating final display dataframe.
2025-03-15 07:48:20,145:INFO:Setup _display_container:                Description                 Value
0               Session id                   123
1      Original data shape            (1000, 10)
2   Transformed data shape            (1000, 10)
3         Numeric features                    10
4               Preprocess                  True
5          Imputation type                simple
6       Numeric imputation                  mean
7   Categorical imputation                  mode
8                 CPU Jobs                    -1
9                  Use GPU                 False
10          Log Experiment                 False
11         Experiment Name  anomaly-default-name
12                     USI                  6d96
2025-03-15 07:48:20,157:INFO:setup() successfully completed in 1.36s...............
2025-03-15 07:48:23,261:INFO:PyCaret AnomalyExperiment
2025-03-15 07:48:23,261:INFO:Logging name: anomaly-default-name
2025-03-15 07:48:23,261:INFO:ML Usecase: MLUsecase.ANOMALY
2025-03-15 07:48:23,261:INFO:version 3.3.2
2025-03-15 07:48:23,261:INFO:Initializing setup()
2025-03-15 07:48:23,261:INFO:self.USI: b93a
2025-03-15 07:48:23,261:INFO:self._variable_keys: {'USI', '_available_plots', 'seed', 'logging_param', 'X', 'n_jobs_param', 'data', 'exp_name_log', 'gpu_param', 'html_param', 'exp_id', '_ml_usecase', 'pipeline', 'log_plots_param', 'gpu_n_jobs_param', 'memory', 'idx'}
2025-03-15 07:48:23,269:INFO:Checking environment
2025-03-15 07:48:23,269:INFO:python_version: 3.10.8
2025-03-15 07:48:23,269:INFO:python_build: ('main', 'Nov 24 2022 14:07:00')
2025-03-15 07:48:23,270:INFO:machine: AMD64
2025-03-15 07:48:23,270:INFO:platform: Windows-10-10.0.22631-SP0
2025-03-15 07:48:23,270:INFO:Memory: svmem(total=7916920832, available=1009143808, percent=87.3, used=6907777024, free=1009143808)
2025-03-15 07:48:23,270:INFO:Physical Core: 6
2025-03-15 07:48:23,270:INFO:Logical Core: 6
2025-03-15 07:48:23,270:INFO:Checking libraries
2025-03-15 07:48:23,270:INFO:System:
2025-03-15 07:48:23,270:INFO:    python: 3.10.8 | packaged by conda-forge | (main, Nov 24 2022, 14:07:00) [MSC v.1916 64 bit (AMD64)]
2025-03-15 07:48:23,270:INFO:executable: c:\Users\RhysL\Desktop\ML_Tools\venv\Scripts\python.exe
2025-03-15 07:48:23,270:INFO:   machine: Windows-10-10.0.22631-SP0
2025-03-15 07:48:23,270:INFO:PyCaret required dependencies:
2025-03-15 07:48:23,270:INFO:                 pip: 25.0.1
2025-03-15 07:48:23,270:INFO:          setuptools: 63.2.0
2025-03-15 07:48:23,270:INFO:             pycaret: 3.3.2
2025-03-15 07:48:23,270:INFO:             IPython: 8.33.0
2025-03-15 07:48:23,277:INFO:          ipywidgets: 8.1.5
2025-03-15 07:48:23,277:INFO:                tqdm: 4.67.1
2025-03-15 07:48:23,277:INFO:               numpy: 1.26.4
2025-03-15 07:48:23,277:INFO:              pandas: 2.1.4
2025-03-15 07:48:23,277:INFO:              jinja2: 3.1.5
2025-03-15 07:48:23,277:INFO:               scipy: 1.11.4
2025-03-15 07:48:23,277:INFO:              joblib: 1.3.2
2025-03-15 07:48:23,277:INFO:             sklearn: 1.4.2
2025-03-15 07:48:23,277:INFO:                pyod: 2.0.3
2025-03-15 07:48:23,277:INFO:            imblearn: 0.13.0
2025-03-15 07:48:23,277:INFO:   category_encoders: 2.7.0
2025-03-15 07:48:23,279:INFO:            lightgbm: 4.6.0
2025-03-15 07:48:23,279:INFO:               numba: 0.61.0
2025-03-15 07:48:23,279:INFO:            requests: 2.32.3
2025-03-15 07:48:23,279:INFO:          matplotlib: 3.7.5
2025-03-15 07:48:23,279:INFO:          scikitplot: 0.3.7
2025-03-15 07:48:23,279:INFO:         yellowbrick: 1.5
2025-03-15 07:48:23,279:INFO:              plotly: 6.0.0
2025-03-15 07:48:23,279:INFO:    plotly-resampler: Not installed
2025-03-15 07:48:23,279:INFO:             kaleido: 0.2.1
2025-03-15 07:48:23,279:INFO:           schemdraw: 0.15
2025-03-15 07:48:23,279:INFO:         statsmodels: 0.14.4
2025-03-15 07:48:23,279:INFO:              sktime: 0.26.0
2025-03-15 07:48:23,279:INFO:               tbats: 1.1.3
2025-03-15 07:48:23,279:INFO:            pmdarima: 2.0.4
2025-03-15 07:48:23,279:INFO:              psutil: 7.0.0
2025-03-15 07:48:23,279:INFO:          markupsafe: 3.0.2
2025-03-15 07:48:23,279:INFO:             pickle5: Not installed
2025-03-15 07:48:23,279:INFO:         cloudpickle: 3.1.1
2025-03-15 07:48:23,279:INFO:         deprecation: 2.1.0
2025-03-15 07:48:23,279:INFO:              xxhash: 3.5.0
2025-03-15 07:48:23,279:INFO:           wurlitzer: Not installed
2025-03-15 07:48:23,279:INFO:PyCaret optional dependencies:
2025-03-15 07:48:23,279:INFO:                shap: Not installed
2025-03-15 07:48:23,279:INFO:           interpret: Not installed
2025-03-15 07:48:23,279:INFO:                umap: Not installed
2025-03-15 07:48:23,279:INFO:     ydata_profiling: Not installed
2025-03-15 07:48:23,279:INFO:  explainerdashboard: Not installed
2025-03-15 07:48:23,279:INFO:             autoviz: Not installed
2025-03-15 07:48:23,279:INFO:           fairlearn: Not installed
2025-03-15 07:48:23,279:INFO:          deepchecks: Not installed
2025-03-15 07:48:23,279:INFO:             xgboost: Not installed
2025-03-15 07:48:23,279:INFO:            catboost: Not installed
2025-03-15 07:48:23,279:INFO:              kmodes: Not installed
2025-03-15 07:48:23,279:INFO:             mlxtend: Not installed
2025-03-15 07:48:23,279:INFO:       statsforecast: Not installed
2025-03-15 07:48:23,279:INFO:        tune_sklearn: Not installed
2025-03-15 07:48:23,279:INFO:                 ray: Not installed
2025-03-15 07:48:23,279:INFO:            hyperopt: Not installed
2025-03-15 07:48:23,279:INFO:              optuna: 4.2.1
2025-03-15 07:48:23,279:INFO:               skopt: Not installed
2025-03-15 07:48:23,279:INFO:              mlflow: Not installed
2025-03-15 07:48:23,279:INFO:              gradio: Not installed
2025-03-15 07:48:23,279:INFO:             fastapi: Not installed
2025-03-15 07:48:23,279:INFO:             uvicorn: Not installed
2025-03-15 07:48:23,279:INFO:              m2cgen: Not installed
2025-03-15 07:48:23,279:INFO:           evidently: Not installed
2025-03-15 07:48:23,279:INFO:               fugue: Not installed
2025-03-15 07:48:23,279:INFO:           streamlit: Not installed
2025-03-15 07:48:23,279:INFO:             prophet: Not installed
2025-03-15 07:48:23,279:INFO:None
2025-03-15 07:48:23,279:INFO:Set up data.
2025-03-15 07:48:23,287:INFO:Set up index.
2025-03-15 07:48:23,287:INFO:Assigning column types.
2025-03-15 07:48:23,295:INFO:Engine successfully changes for model 'kmeans' to 'sklearn'.
2025-03-15 07:48:23,295:INFO:Engine successfully changes for model 'dbscan' to 'sklearn'.
2025-03-15 07:48:23,304:INFO:Preparing preprocessing pipeline...
2025-03-15 07:48:23,304:INFO:Set up simple imputation.
2025-03-15 07:48:23,344:INFO:Finished creating preprocessing pipeline.
2025-03-15 07:48:23,353:INFO:Pipeline: Pipeline(memory=FastMemory(location=C:\Users\RhysL\AppData\Local\Temp\joblib),
         steps=[('numerical_imputer',
                 TransformerWrapper(include=['Col1', 'Col2', 'Col3', 'Col4',
                                             'Col5', 'Col6', 'Col7', 'Col8',
                                             'Col9', 'Col10'],
                                    transformer=SimpleImputer())),
                ('categorical_imputer',
                 TransformerWrapper(include=[],
                                    transformer=SimpleImputer(strategy='most_frequent')))])
2025-03-15 07:48:23,353:INFO:Creating final display dataframe.
2025-03-15 07:48:23,387:INFO:Setup _display_container:                Description                 Value
0               Session id                   123
1      Original data shape            (1000, 10)
2   Transformed data shape            (1000, 10)
3         Numeric features                    10
4               Preprocess                  True
5          Imputation type                simple
6       Numeric imputation                  mean
7   Categorical imputation                  mode
8                 CPU Jobs                    -1
9                  Use GPU                 False
10          Log Experiment                 False
11         Experiment Name  anomaly-default-name
12                     USI                  b93a
2025-03-15 07:48:23,403:INFO:setup() successfully completed in 0.14s...............
2025-03-15 07:48:33,482:INFO:Initializing create_model()
2025-03-15 07:48:33,482:INFO:create_model(self=<pycaret.anomaly.oop.AnomalyExperiment object at 0x000002255233F700>, estimator=iforest, num_clusters=4, fraction=0.05, ground_truth=None, round=4, fit_kwargs=None, experiment_custom_tags=None, verbose=True, system=True, add_to_model_list=True, raise_num_clusters=False, display=None, kwargs={})
2025-03-15 07:48:33,482:INFO:Checking exceptions
2025-03-15 07:48:33,563:INFO:Importing untrained model
2025-03-15 07:48:33,588:INFO:Isolation Forest Imported successfully
2025-03-15 07:48:33,627:INFO:Fitting Model
2025-03-15 07:48:34,104:INFO:IForest(behaviour='new', bootstrap=False, contamination=0.05,
    max_features=1.0, max_samples='auto', n_estimators=100, n_jobs=-1,
    random_state=123, verbose=0)
2025-03-15 07:48:34,104:INFO:create_models() successfully completed......................................
2025-03-15 07:48:34,120:INFO:Uploading results into container
2025-03-15 07:48:34,120:INFO:Uploading model into container now
2025-03-15 07:48:34,128:INFO:_master_model_container: 1
2025-03-15 07:48:34,128:INFO:_display_container: 1
2025-03-15 07:48:34,128:INFO:IForest(behaviour='new', bootstrap=False, contamination=0.05,
    max_features=1.0, max_samples='auto', n_estimators=100, n_jobs=-1,
    random_state=123, verbose=0)
2025-03-15 07:48:34,128:INFO:create_model() successfully completed......................................
2025-03-15 07:48:38,186:INFO:gpu_param set to False
2025-03-15 07:49:11,656:INFO:Initializing create_model()
2025-03-15 07:49:11,656:INFO:create_model(self=<pycaret.anomaly.oop.AnomalyExperiment object at 0x000002255233F700>, estimator=iforest, num_clusters=4, fraction=0.05, ground_truth=None, round=4, fit_kwargs=None, experiment_custom_tags=None, verbose=True, system=True, add_to_model_list=True, raise_num_clusters=False, display=None, kwargs={})
2025-03-15 07:49:11,656:INFO:Checking exceptions
2025-03-15 07:49:11,730:INFO:Importing untrained model
2025-03-15 07:49:11,743:INFO:Isolation Forest Imported successfully
2025-03-15 07:49:11,756:INFO:Fitting Model
2025-03-15 07:49:12,190:INFO:IForest(behaviour='new', bootstrap=False, contamination=0.05,
    max_features=1.0, max_samples='auto', n_estimators=100, n_jobs=-1,
    random_state=123, verbose=0)
2025-03-15 07:49:12,190:INFO:create_models() successfully completed......................................
2025-03-15 07:49:12,198:INFO:Uploading results into container
2025-03-15 07:49:12,198:INFO:Uploading model into container now
2025-03-15 07:49:12,206:INFO:_master_model_container: 2
2025-03-15 07:49:12,206:INFO:_display_container: 1
2025-03-15 07:49:12,206:INFO:IForest(behaviour='new', bootstrap=False, contamination=0.05,
    max_features=1.0, max_samples='auto', n_estimators=100, n_jobs=-1,
    random_state=123, verbose=0)
2025-03-15 07:49:12,206:INFO:create_model() successfully completed......................................
2025-03-15 07:49:12,495:INFO:gpu_param set to False
2025-03-15 07:49:15,923:INFO:Initializing assign_model()
2025-03-15 07:49:15,923:INFO:assign_model(self=<pycaret.anomaly.oop.AnomalyExperiment object at 0x000002255233F700>, model=IForest(behaviour='new', bootstrap=False, contamination=0.05,
    max_features=1.0, max_samples='auto', n_estimators=100, n_jobs=-1,
    random_state=123, verbose=0), transformation=False, score=True, verbose=True)
2025-03-15 07:49:15,923:INFO:Checking exceptions
2025-03-15 07:49:15,923:INFO:Determining Trained Model
2025-03-15 07:49:15,923:INFO:Trained Model : Isolation Forest
2025-03-15 07:49:15,923:INFO:Copying data
2025-03-15 07:49:15,932:INFO:(1000, 12)
2025-03-15 07:49:15,932:INFO:assign_model() successfully completed......................................
2025-03-15 07:50:25,991:INFO:Initializing plot_model()
2025-03-15 07:50:25,991:INFO:plot_model(plot=tsne, fold=None, verbose=True, display=None, display_format=None, estimator=IForest(behaviour='new', bootstrap=False, contamination=0.05,
    max_features=1.0, max_samples='auto', n_estimators=100, n_jobs=-1,
    random_state=123, verbose=0), feature_name=None, fit_kwargs=None, groups=None, label=False, plot_kwargs=None, save=False, scale=1, self=<pycaret.anomaly.oop.AnomalyExperiment object at 0x000002255233F700>, system=True)
2025-03-15 07:50:25,991:INFO:Checking exceptions
2025-03-15 07:50:29,427:INFO:Preloading libraries
2025-03-15 07:50:29,446:INFO:Copying training dataset
2025-03-15 07:50:29,446:INFO:Plot type: tsne
2025-03-15 07:50:29,446:INFO:SubProcess assign_model() called ==================================
2025-03-15 07:50:29,446:INFO:Initializing assign_model()
2025-03-15 07:50:29,446:INFO:assign_model(self=<pycaret.anomaly.oop.AnomalyExperiment object at 0x000002255233F700>, model=IForest(behaviour='new', bootstrap=False, contamination=0.05,
    max_features=1.0, max_samples='auto', n_estimators=100, n_jobs=-1,
    random_state=123, verbose=0), transformation=True, score=False, verbose=False)
2025-03-15 07:50:29,446:INFO:Checking exceptions
2025-03-15 07:50:29,446:INFO:Determining Trained Model
2025-03-15 07:50:29,446:INFO:Trained Model : Isolation Forest
2025-03-15 07:50:29,446:INFO:Copying data
2025-03-15 07:50:29,474:INFO:Transformation parameter set to True. Assigned clusters are attached on transformed dataset.
2025-03-15 07:50:29,474:INFO:(1000, 11)
2025-03-15 07:50:29,474:INFO:assign_model() successfully completed......................................
2025-03-15 07:50:29,474:INFO:SubProcess assign_model() end ==================================
2025-03-15 07:50:29,481:INFO:Getting dummies to cast categorical variables
2025-03-15 07:50:29,481:INFO:Fitting TSNE()
2025-03-15 07:50:38,630:INFO:Rendering Visual
2025-03-15 07:50:48,063:INFO:Visual Rendered Successfully
2025-03-15 07:50:48,168:INFO:plot_model() successfully completed......................................
2025-03-15 07:52:33,084:INFO:Initializing plot_model()
2025-03-15 07:52:33,084:INFO:plot_model(plot=umap, fold=None, verbose=True, display=None, display_format=None, estimator=IForest(behaviour='new', bootstrap=False, contamination=0.05,
    max_features=1.0, max_samples='auto', n_estimators=100, n_jobs=-1,
    random_state=123, verbose=0), feature_name=None, fit_kwargs=None, groups=None, label=False, plot_kwargs=None, save=False, scale=1, self=<pycaret.anomaly.oop.AnomalyExperiment object at 0x000002255233F700>, system=True)
2025-03-15 07:52:33,084:INFO:Checking exceptions
2025-03-15 07:52:33,251:INFO:Preloading libraries
2025-03-15 07:52:33,270:INFO:Copying training dataset
2025-03-15 07:52:33,270:INFO:Plot type: umap
2025-03-15 07:52:33,275:INFO:SubProcess assign_model() called ==================================
2025-03-15 07:52:33,275:INFO:Initializing assign_model()
2025-03-15 07:52:33,275:INFO:assign_model(self=<pycaret.anomaly.oop.AnomalyExperiment object at 0x000002255233F700>, model=IForest(behaviour='new', bootstrap=False, contamination=0.05,
    max_features=1.0, max_samples='auto', n_estimators=100, n_jobs=-1,
    random_state=123, verbose=0), transformation=True, score=False, verbose=False)
2025-03-15 07:52:33,275:INFO:Checking exceptions
2025-03-15 07:52:33,275:INFO:Determining Trained Model
2025-03-15 07:52:33,275:INFO:Trained Model : Isolation Forest
2025-03-15 07:52:33,275:INFO:Copying data
2025-03-15 07:52:33,302:INFO:Transformation parameter set to True. Assigned clusters are attached on transformed dataset.
2025-03-15 07:52:33,302:INFO:(1000, 11)
2025-03-15 07:52:33,302:INFO:assign_model() successfully completed......................................
2025-03-15 07:52:33,302:INFO:SubProcess assign_model() end ==================================
2025-03-15 07:52:33,310:ERROR:
'umap' is a soft dependency and not included in the pycaret installation. Please run: `pip install umap-learn` to install.
Alternately, you can install this by running `pip install pycaret[analysis]`
NoneType: None
2025-03-15 07:52:49,412:INFO:Initializing plot_model()
2025-03-15 07:52:49,412:INFO:plot_model(plot=umap, fold=None, verbose=True, display=None, display_format=None, estimator=IForest(behaviour='new', bootstrap=False, contamination=0.05,
    max_features=1.0, max_samples='auto', n_estimators=100, n_jobs=-1,
    random_state=123, verbose=0), feature_name=None, fit_kwargs=None, groups=None, label=False, plot_kwargs=None, save=False, scale=1, self=<pycaret.anomaly.oop.AnomalyExperiment object at 0x000002255233F700>, system=True)
2025-03-15 07:52:49,412:INFO:Checking exceptions
2025-03-15 07:52:49,527:INFO:Preloading libraries
2025-03-15 07:52:49,542:INFO:Copying training dataset
2025-03-15 07:52:49,542:INFO:Plot type: umap
2025-03-15 07:52:49,542:INFO:SubProcess assign_model() called ==================================
2025-03-15 07:52:49,542:INFO:Initializing assign_model()
2025-03-15 07:52:49,542:INFO:assign_model(self=<pycaret.anomaly.oop.AnomalyExperiment object at 0x000002255233F700>, model=IForest(behaviour='new', bootstrap=False, contamination=0.05,
    max_features=1.0, max_samples='auto', n_estimators=100, n_jobs=-1,
    random_state=123, verbose=0), transformation=True, score=False, verbose=False)
2025-03-15 07:52:49,542:INFO:Checking exceptions
2025-03-15 07:52:49,542:INFO:Determining Trained Model
2025-03-15 07:52:49,542:INFO:Trained Model : Isolation Forest
2025-03-15 07:52:49,542:INFO:Copying data
2025-03-15 07:52:49,574:INFO:Transformation parameter set to True. Assigned clusters are attached on transformed dataset.
2025-03-15 07:52:49,574:INFO:(1000, 11)
2025-03-15 07:52:49,574:INFO:assign_model() successfully completed......................................
2025-03-15 07:52:49,574:INFO:SubProcess assign_model() end ==================================
2025-03-15 07:52:49,579:ERROR:
'umap' is a soft dependency and not included in the pycaret installation. Please run: `pip install umap-learn` to install.
Alternately, you can install this by running `pip install pycaret[analysis]`
NoneType: None
2025-03-15 07:53:03,661:INFO:Initializing evaluate_model()
2025-03-15 07:53:03,661:INFO:evaluate_model(self=<pycaret.anomaly.oop.AnomalyExperiment object at 0x000002255233F700>, estimator=IForest(behaviour='new', bootstrap=False, contamination=0.05,
    max_features=1.0, max_samples='auto', n_estimators=100, n_jobs=-1,
    random_state=123, verbose=0), fold=None, fit_kwargs=None, plot_kwargs=None, feature_name=None, groups=None)
2025-03-15 07:53:03,685:INFO:Initializing plot_model()
2025-03-15 07:53:03,685:INFO:plot_model(plot=pipeline, fold=None, verbose=False, display=None, display_format=None, estimator=IForest(behaviour='new', bootstrap=False, contamination=0.05,
    max_features=1.0, max_samples='auto', n_estimators=100, n_jobs=-1,
    random_state=123, verbose=0), feature_name=None, fit_kwargs={}, groups=None, label=False, plot_kwargs=None, save=False, scale=1, self=<pycaret.anomaly.oop.AnomalyExperiment object at 0x000002255233F700>, system=True)
2025-03-15 07:53:03,685:INFO:Checking exceptions
2025-03-15 07:53:03,846:INFO:Preloading libraries
2025-03-15 07:53:03,862:INFO:Copying training dataset
2025-03-15 07:53:03,862:INFO:Plot type: pipeline
2025-03-15 07:53:04,241:INFO:Visual Rendered Successfully
2025-03-15 07:53:04,501:INFO:plot_model() successfully completed......................................
2025-03-15 07:53:11,848:INFO:Initializing plot_model()
2025-03-15 07:53:11,848:INFO:plot_model(plot=tsne, fold=None, verbose=False, display=None, display_format=None, estimator=IForest(behaviour='new', bootstrap=False, contamination=0.05,
    max_features=1.0, max_samples='auto', n_estimators=100, n_jobs=-1,
    random_state=123, verbose=0), feature_name=None, fit_kwargs={}, groups=None, label=False, plot_kwargs=None, save=False, scale=1, self=<pycaret.anomaly.oop.AnomalyExperiment object at 0x000002255233F700>, system=True)
2025-03-15 07:53:11,848:INFO:Checking exceptions
2025-03-15 07:53:12,004:INFO:Preloading libraries
2025-03-15 07:53:12,021:INFO:Copying training dataset
2025-03-15 07:53:12,021:INFO:Plot type: tsne
2025-03-15 07:53:12,023:INFO:SubProcess assign_model() called ==================================
2025-03-15 07:53:12,023:INFO:Initializing assign_model()
2025-03-15 07:53:12,023:INFO:assign_model(self=<pycaret.anomaly.oop.AnomalyExperiment object at 0x000002255233F700>, model=IForest(behaviour='new', bootstrap=False, contamination=0.05,
    max_features=1.0, max_samples='auto', n_estimators=100, n_jobs=-1,
    random_state=123, verbose=0), transformation=True, score=False, verbose=False)
2025-03-15 07:53:12,023:INFO:Checking exceptions
2025-03-15 07:53:12,023:INFO:Determining Trained Model
2025-03-15 07:53:12,023:INFO:Trained Model : Isolation Forest
2025-03-15 07:53:12,023:INFO:Copying data
2025-03-15 07:53:12,047:INFO:Transformation parameter set to True. Assigned clusters are attached on transformed dataset.
2025-03-15 07:53:12,047:INFO:(1000, 11)
2025-03-15 07:53:12,047:INFO:assign_model() successfully completed......................................
2025-03-15 07:53:12,047:INFO:SubProcess assign_model() end ==================================
2025-03-15 07:53:12,047:INFO:Getting dummies to cast categorical variables
2025-03-15 07:53:12,047:INFO:Fitting TSNE()
2025-03-15 07:53:20,927:INFO:Rendering Visual
2025-03-15 07:53:20,983:INFO:Visual Rendered Successfully
2025-03-15 07:53:21,182:INFO:plot_model() successfully completed......................................
2025-03-15 07:53:21,626:INFO:Initializing plot_model()
2025-03-15 07:53:21,626:INFO:plot_model(plot=umap, fold=None, verbose=False, display=None, display_format=None, estimator=IForest(behaviour='new', bootstrap=False, contamination=0.05,
    max_features=1.0, max_samples='auto', n_estimators=100, n_jobs=-1,
    random_state=123, verbose=0), feature_name=None, fit_kwargs={}, groups=None, label=False, plot_kwargs=None, save=False, scale=1, self=<pycaret.anomaly.oop.AnomalyExperiment object at 0x000002255233F700>, system=True)
2025-03-15 07:53:21,626:INFO:Checking exceptions
2025-03-15 07:53:21,704:INFO:Preloading libraries
2025-03-15 07:53:21,712:INFO:Copying training dataset
2025-03-15 07:53:21,712:INFO:Plot type: umap
2025-03-15 07:53:21,712:INFO:SubProcess assign_model() called ==================================
2025-03-15 07:53:21,712:INFO:Initializing assign_model()
2025-03-15 07:53:21,712:INFO:assign_model(self=<pycaret.anomaly.oop.AnomalyExperiment object at 0x000002255233F700>, model=IForest(behaviour='new', bootstrap=False, contamination=0.05,
    max_features=1.0, max_samples='auto', n_estimators=100, n_jobs=-1,
    random_state=123, verbose=0), transformation=True, score=False, verbose=False)
2025-03-15 07:53:21,712:INFO:Checking exceptions
2025-03-15 07:53:21,712:INFO:Determining Trained Model
2025-03-15 07:53:21,712:INFO:Trained Model : Isolation Forest
2025-03-15 07:53:21,712:INFO:Copying data
2025-03-15 07:53:21,729:INFO:Transformation parameter set to True. Assigned clusters are attached on transformed dataset.
2025-03-15 07:53:21,729:INFO:(1000, 11)
2025-03-15 07:53:21,729:INFO:assign_model() successfully completed......................................
2025-03-15 07:53:21,729:INFO:SubProcess assign_model() end ==================================
2025-03-15 07:53:21,729:ERROR:
'umap' is a soft dependency and not included in the pycaret installation. Please run: `pip install umap-learn` to install.
Alternately, you can install this by running `pip install pycaret[analysis]`
NoneType: None
2025-03-15 07:53:23,045:INFO:Initializing plot_model()
2025-03-15 07:53:23,045:INFO:plot_model(plot=tsne, fold=None, verbose=False, display=None, display_format=None, estimator=IForest(behaviour='new', bootstrap=False, contamination=0.05,
    max_features=1.0, max_samples='auto', n_estimators=100, n_jobs=-1,
    random_state=123, verbose=0), feature_name=None, fit_kwargs={}, groups=None, label=False, plot_kwargs=None, save=False, scale=1, self=<pycaret.anomaly.oop.AnomalyExperiment object at 0x000002255233F700>, system=True)
2025-03-15 07:53:23,045:INFO:Checking exceptions
2025-03-15 07:53:23,158:INFO:Preloading libraries
2025-03-15 07:53:23,164:INFO:Copying training dataset
2025-03-15 07:53:23,164:INFO:Plot type: tsne
2025-03-15 07:53:23,172:INFO:SubProcess assign_model() called ==================================
2025-03-15 07:53:23,172:INFO:Initializing assign_model()
2025-03-15 07:53:23,172:INFO:assign_model(self=<pycaret.anomaly.oop.AnomalyExperiment object at 0x000002255233F700>, model=IForest(behaviour='new', bootstrap=False, contamination=0.05,
    max_features=1.0, max_samples='auto', n_estimators=100, n_jobs=-1,
    random_state=123, verbose=0), transformation=True, score=False, verbose=False)
2025-03-15 07:53:23,172:INFO:Checking exceptions
2025-03-15 07:53:23,172:INFO:Determining Trained Model
2025-03-15 07:53:23,172:INFO:Trained Model : Isolation Forest
2025-03-15 07:53:23,172:INFO:Copying data
2025-03-15 07:53:23,192:INFO:Transformation parameter set to True. Assigned clusters are attached on transformed dataset.
2025-03-15 07:53:23,192:INFO:(1000, 11)
2025-03-15 07:53:23,192:INFO:assign_model() successfully completed......................................
2025-03-15 07:53:23,192:INFO:SubProcess assign_model() end ==================================
2025-03-15 07:53:23,192:INFO:Getting dummies to cast categorical variables
2025-03-15 07:53:23,192:INFO:Fitting TSNE()
2025-03-15 07:53:31,638:INFO:Rendering Visual
2025-03-15 07:53:31,695:INFO:Visual Rendered Successfully
2025-03-15 07:53:31,886:INFO:plot_model() successfully completed......................................
2025-03-15 07:53:34,626:INFO:Initializing plot_model()
2025-03-15 07:53:34,626:INFO:plot_model(plot=pipeline, fold=None, verbose=False, display=None, display_format=None, estimator=IForest(behaviour='new', bootstrap=False, contamination=0.05,
    max_features=1.0, max_samples='auto', n_estimators=100, n_jobs=-1,
    random_state=123, verbose=0), feature_name=None, fit_kwargs={}, groups=None, label=False, plot_kwargs=None, save=False, scale=1, self=<pycaret.anomaly.oop.AnomalyExperiment object at 0x000002255233F700>, system=True)
2025-03-15 07:53:34,626:INFO:Checking exceptions
2025-03-15 07:53:34,740:INFO:Preloading libraries
2025-03-15 07:53:34,748:INFO:Copying training dataset
2025-03-15 07:53:34,748:INFO:Plot type: pipeline
2025-03-15 07:53:34,881:INFO:Visual Rendered Successfully
2025-03-15 07:53:35,092:INFO:plot_model() successfully completed......................................
