2025-03-14 18:06:39,749:WARNING:
'cuml' is a soft dependency and not included in the pycaret installation. Please run: `pip install cuml` to install.
2025-03-14 18:06:39,749:WARNING:
'cuml' is a soft dependency and not included in the pycaret installation. Please run: `pip install cuml` to install.
2025-03-14 18:06:39,749:WARNING:
'cuml' is a soft dependency and not included in the pycaret installation. Please run: `pip install cuml` to install.
2025-03-14 18:06:39,749:WARNING:
'cuml' is a soft dependency and not included in the pycaret installation. Please run: `pip install cuml` to install.
2025-03-14 18:06:40,911:INFO:PyCaret ClassificationExperiment
2025-03-14 18:06:40,912:INFO:Logging name: clf-default-name
2025-03-14 18:06:40,912:INFO:ML Usecase: MLUsecase.CLASSIFICATION
2025-03-14 18:06:40,912:INFO:version 3.3.2
2025-03-14 18:06:40,912:INFO:Initializing setup()
2025-03-14 18:06:40,912:INFO:self.USI: 1d0f
2025-03-14 18:06:40,912:INFO:self._variable_keys: {'memory', 'seed', '_ml_usecase', 'fix_imbalance', 'pipeline', 'y_train', 'logging_param', 'n_jobs_param', '_available_plots', 'data', 'y_test', 'fold_generator', 'y', 'is_multiclass', 'exp_name_log', 'idx', 'gpu_param', 'X_train', 'X_test', 'fold_groups_param', 'log_plots_param', 'exp_id', 'X', 'fold_shuffle_param', 'USI', 'gpu_n_jobs_param', 'html_param', 'target_param'}
2025-03-14 18:06:40,912:INFO:Checking environment
2025-03-14 18:06:40,912:INFO:python_version: 3.10.8
2025-03-14 18:06:40,912:INFO:python_build: ('main', 'Nov 24 2022 14:07:00')
2025-03-14 18:06:40,912:INFO:machine: AMD64
2025-03-14 18:06:40,912:INFO:platform: Windows-10-10.0.22631-SP0
2025-03-14 18:06:40,917:INFO:Memory: svmem(total=7916920832, available=656908288, percent=91.7, used=7260012544, free=656908288)
2025-03-14 18:06:40,917:INFO:Physical Core: 6
2025-03-14 18:06:40,917:INFO:Logical Core: 6
2025-03-14 18:06:40,917:INFO:Checking libraries
2025-03-14 18:06:40,917:INFO:System:
2025-03-14 18:06:40,917:INFO:    python: 3.10.8 | packaged by conda-forge | (main, Nov 24 2022, 14:07:00) [MSC v.1916 64 bit (AMD64)]
2025-03-14 18:06:40,917:INFO:executable: c:\Users\RhysL\Desktop\ML_Tools\venv\Scripts\python.exe
2025-03-14 18:06:40,917:INFO:   machine: Windows-10-10.0.22631-SP0
2025-03-14 18:06:40,917:INFO:PyCaret required dependencies:
2025-03-14 18:06:41,015:INFO:                 pip: 25.0.1
2025-03-14 18:06:41,016:INFO:          setuptools: 63.2.0
2025-03-14 18:06:41,016:INFO:             pycaret: 3.3.2
2025-03-14 18:06:41,016:INFO:             IPython: 8.33.0
2025-03-14 18:06:41,016:INFO:          ipywidgets: 8.1.5
2025-03-14 18:06:41,016:INFO:                tqdm: 4.67.1
2025-03-14 18:06:41,016:INFO:               numpy: 1.26.4
2025-03-14 18:06:41,016:INFO:              pandas: 2.1.4
2025-03-14 18:06:41,016:INFO:              jinja2: 3.1.5
2025-03-14 18:06:41,016:INFO:               scipy: 1.11.4
2025-03-14 18:06:41,016:INFO:              joblib: 1.3.2
2025-03-14 18:06:41,016:INFO:             sklearn: 1.4.2
2025-03-14 18:06:41,016:INFO:                pyod: 2.0.3
2025-03-14 18:06:41,016:INFO:            imblearn: 0.13.0
2025-03-14 18:06:41,016:INFO:   category_encoders: 2.7.0
2025-03-14 18:06:41,016:INFO:            lightgbm: 4.6.0
2025-03-14 18:06:41,016:INFO:               numba: 0.61.0
2025-03-14 18:06:41,016:INFO:            requests: 2.32.3
2025-03-14 18:06:41,016:INFO:          matplotlib: 3.7.5
2025-03-14 18:06:41,016:INFO:          scikitplot: 0.3.7
2025-03-14 18:06:41,016:INFO:         yellowbrick: 1.5
2025-03-14 18:06:41,016:INFO:              plotly: 6.0.0
2025-03-14 18:06:41,016:INFO:    plotly-resampler: Not installed
2025-03-14 18:06:41,016:INFO:             kaleido: 0.2.1
2025-03-14 18:06:41,017:INFO:           schemdraw: 0.15
2025-03-14 18:06:41,017:INFO:         statsmodels: 0.14.4
2025-03-14 18:06:41,017:INFO:              sktime: 0.26.0
2025-03-14 18:06:41,017:INFO:               tbats: 1.1.3
2025-03-14 18:06:41,017:INFO:            pmdarima: 2.0.4
2025-03-14 18:06:41,017:INFO:              psutil: 7.0.0
2025-03-14 18:06:41,017:INFO:          markupsafe: 3.0.2
2025-03-14 18:06:41,017:INFO:             pickle5: Not installed
2025-03-14 18:06:41,017:INFO:         cloudpickle: 3.1.1
2025-03-14 18:06:41,017:INFO:         deprecation: 2.1.0
2025-03-14 18:06:41,017:INFO:              xxhash: 3.5.0
2025-03-14 18:06:41,017:INFO:           wurlitzer: Not installed
2025-03-14 18:06:41,017:INFO:PyCaret optional dependencies:
2025-03-14 18:06:41,030:INFO:                shap: Not installed
2025-03-14 18:06:41,030:INFO:           interpret: Not installed
2025-03-14 18:06:41,030:INFO:                umap: Not installed
2025-03-14 18:06:41,030:INFO:     ydata_profiling: Not installed
2025-03-14 18:06:41,030:INFO:  explainerdashboard: Not installed
2025-03-14 18:06:41,030:INFO:             autoviz: Not installed
2025-03-14 18:06:41,030:INFO:           fairlearn: Not installed
2025-03-14 18:06:41,030:INFO:          deepchecks: Not installed
2025-03-14 18:06:41,030:INFO:             xgboost: Not installed
2025-03-14 18:06:41,030:INFO:            catboost: Not installed
2025-03-14 18:06:41,030:INFO:              kmodes: Not installed
2025-03-14 18:06:41,030:INFO:             mlxtend: Not installed
2025-03-14 18:06:41,030:INFO:       statsforecast: Not installed
2025-03-14 18:06:41,030:INFO:        tune_sklearn: Not installed
2025-03-14 18:06:41,030:INFO:                 ray: Not installed
2025-03-14 18:06:41,031:INFO:            hyperopt: Not installed
2025-03-14 18:06:41,031:INFO:              optuna: 4.2.1
2025-03-14 18:06:41,031:INFO:               skopt: Not installed
2025-03-14 18:06:41,031:INFO:              mlflow: Not installed
2025-03-14 18:06:41,031:INFO:              gradio: Not installed
2025-03-14 18:06:41,031:INFO:             fastapi: Not installed
2025-03-14 18:06:41,031:INFO:             uvicorn: Not installed
2025-03-14 18:06:41,031:INFO:              m2cgen: Not installed
2025-03-14 18:06:41,031:INFO:           evidently: Not installed
2025-03-14 18:06:41,031:INFO:               fugue: Not installed
2025-03-14 18:06:41,031:INFO:           streamlit: Not installed
2025-03-14 18:06:41,031:INFO:             prophet: Not installed
2025-03-14 18:06:41,031:INFO:None
2025-03-14 18:06:41,031:INFO:Set up data.
2025-03-14 18:06:41,036:INFO:Set up folding strategy.
2025-03-14 18:06:41,037:INFO:Set up train/test split.
2025-03-14 18:06:41,071:INFO:Set up index.
2025-03-14 18:06:41,072:INFO:Assigning column types.
2025-03-14 18:06:41,077:INFO:Engine successfully changes for model 'lr' to 'sklearn'.
2025-03-14 18:06:41,129:INFO:Engine for model 'knn' has not been set explicitly, hence returning None.
2025-03-14 18:06:41,134:INFO:Engine for model 'rbfsvm' has not been set explicitly, hence returning None.
2025-03-14 18:06:41,178:WARNING:
'xgboost' is a soft dependency and not included in the pycaret installation. Please run: `pip install xgboost` to install.
Alternately, you can install this by running `pip install pycaret[models]`
2025-03-14 18:06:41,179:WARNING:
'catboost' is a soft dependency and not included in the pycaret installation. Please run: `pip install catboost` to install.
Alternately, you can install this by running `pip install pycaret[models]`
2025-03-14 18:06:41,231:INFO:Engine for model 'knn' has not been set explicitly, hence returning None.
2025-03-14 18:06:41,232:INFO:Engine for model 'rbfsvm' has not been set explicitly, hence returning None.
2025-03-14 18:06:41,266:WARNING:
'xgboost' is a soft dependency and not included in the pycaret installation. Please run: `pip install xgboost` to install.
Alternately, you can install this by running `pip install pycaret[models]`
2025-03-14 18:06:41,267:WARNING:
'catboost' is a soft dependency and not included in the pycaret installation. Please run: `pip install catboost` to install.
Alternately, you can install this by running `pip install pycaret[models]`
2025-03-14 18:06:41,267:INFO:Engine successfully changes for model 'knn' to 'sklearn'.
2025-03-14 18:06:41,308:INFO:Engine for model 'rbfsvm' has not been set explicitly, hence returning None.
2025-03-14 18:06:41,354:WARNING:
'xgboost' is a soft dependency and not included in the pycaret installation. Please run: `pip install xgboost` to install.
Alternately, you can install this by running `pip install pycaret[models]`
2025-03-14 18:06:41,354:WARNING:
'catboost' is a soft dependency and not included in the pycaret installation. Please run: `pip install catboost` to install.
Alternately, you can install this by running `pip install pycaret[models]`
2025-03-14 18:06:41,408:INFO:Engine for model 'rbfsvm' has not been set explicitly, hence returning None.
2025-03-14 18:06:41,440:WARNING:
'xgboost' is a soft dependency and not included in the pycaret installation. Please run: `pip install xgboost` to install.
Alternately, you can install this by running `pip install pycaret[models]`
2025-03-14 18:06:41,441:WARNING:
'catboost' is a soft dependency and not included in the pycaret installation. Please run: `pip install catboost` to install.
Alternately, you can install this by running `pip install pycaret[models]`
2025-03-14 18:06:41,441:INFO:Engine successfully changes for model 'rbfsvm' to 'sklearn'.
2025-03-14 18:06:41,524:WARNING:
'xgboost' is a soft dependency and not included in the pycaret installation. Please run: `pip install xgboost` to install.
Alternately, you can install this by running `pip install pycaret[models]`
2025-03-14 18:06:41,524:WARNING:
'catboost' is a soft dependency and not included in the pycaret installation. Please run: `pip install catboost` to install.
Alternately, you can install this by running `pip install pycaret[models]`
2025-03-14 18:06:41,614:WARNING:
'xgboost' is a soft dependency and not included in the pycaret installation. Please run: `pip install xgboost` to install.
Alternately, you can install this by running `pip install pycaret[models]`
2025-03-14 18:06:41,614:WARNING:
'catboost' is a soft dependency and not included in the pycaret installation. Please run: `pip install catboost` to install.
Alternately, you can install this by running `pip install pycaret[models]`
2025-03-14 18:06:41,617:INFO:Preparing preprocessing pipeline...
2025-03-14 18:06:41,621:INFO:Set up label encoding.
2025-03-14 18:06:41,621:INFO:Set up simple imputation.
2025-03-14 18:06:41,650:INFO:Finished creating preprocessing pipeline.
2025-03-14 18:06:41,656:INFO:Pipeline: Pipeline(memory=FastMemory(location=C:\Users\RhysL\AppData\Local\Temp\joblib),
         steps=[('label_encoding',
                 TransformerWrapperWithInverse(exclude=None, include=None,
                                               transformer=LabelEncoder())),
                ('numerical_imputer',
                 TransformerWrapper(exclude=None,
                                    include=['sepal_length', 'sepal_width',
                                             'petal_length', 'petal_width'],
                                    transformer=SimpleImputer(add_indicator=False,
                                                              copy=True,
                                                              fill_value=None,
                                                              keep_empty_features=False,
                                                              missing_values=nan,
                                                              strategy='mean'))),
                ('categorical_imputer',
                 TransformerWrapper(exclude=None, include=[],
                                    transformer=SimpleImputer(add_indicator=False,
                                                              copy=True,
                                                              fill_value=None,
                                                              keep_empty_features=False,
                                                              missing_values=nan,
                                                              strategy='most_frequent')))],
         verbose=False)
2025-03-14 18:06:41,656:INFO:Creating final display dataframe.
2025-03-14 18:06:41,741:INFO:Setup _display_container:                     Description  \
0                    Session id   
1                        Target   
2                   Target type   
3                Target mapping   
4           Original data shape   
5        Transformed data shape   
6   Transformed train set shape   
7    Transformed test set shape   
8              Numeric features   
9                    Preprocess   
10              Imputation type   
11           Numeric imputation   
12       Categorical imputation   
13               Fold Generator   
14                  Fold Number   
15                     CPU Jobs   
16                      Use GPU   
17               Log Experiment   
18              Experiment Name   
19                          USI   

                                                Value  
0                                                 123  
1                                             species  
2                                          Multiclass  
3   Iris-setosa: 0, Iris-versicolor: 1, Iris-virgi...  
4                                            (150, 5)  
5                                            (150, 5)  
6                                            (105, 5)  
7                                             (45, 5)  
8                                                   4  
9                                                True  
10                                             simple  
11                                               mean  
12                                               mode  
13                                    StratifiedKFold  
14                                                 10  
15                                                 -1  
16                                              False  
17                                              False  
18                                   clf-default-name  
19                                               1d0f  
2025-03-14 18:06:41,829:WARNING:
'xgboost' is a soft dependency and not included in the pycaret installation. Please run: `pip install xgboost` to install.
Alternately, you can install this by running `pip install pycaret[models]`
2025-03-14 18:06:41,829:WARNING:
'catboost' is a soft dependency and not included in the pycaret installation. Please run: `pip install catboost` to install.
Alternately, you can install this by running `pip install pycaret[models]`
2025-03-14 18:06:41,914:WARNING:
'xgboost' is a soft dependency and not included in the pycaret installation. Please run: `pip install xgboost` to install.
Alternately, you can install this by running `pip install pycaret[models]`
2025-03-14 18:06:41,914:WARNING:
'catboost' is a soft dependency and not included in the pycaret installation. Please run: `pip install catboost` to install.
Alternately, you can install this by running `pip install pycaret[models]`
2025-03-14 18:06:41,916:INFO:setup() successfully completed in 1.01s...............
2025-03-14 18:06:41,916:INFO:Initializing compare_models()
2025-03-14 18:06:41,916:INFO:compare_models(self=<pycaret.classification.oop.ClassificationExperiment object at 0x000001EAB25976D0>, include=None, fold=None, round=4, cross_validation=True, sort=Accuracy, n_select=1, budget_time=None, turbo=True, errors=ignore, fit_kwargs=None, groups=None, experiment_custom_tags=None, probability_threshold=None, verbose=True, parallel=None, caller_params={'self': <pycaret.classification.oop.ClassificationExperiment object at 0x000001EAB25976D0>, 'include': None, 'exclude': None, 'fold': None, 'round': 4, 'cross_validation': True, 'sort': 'Accuracy', 'n_select': 1, 'budget_time': None, 'turbo': True, 'errors': 'ignore', 'fit_kwargs': None, 'groups': None, 'experiment_custom_tags': None, 'probability_threshold': None, 'engine': None, 'verbose': True, 'parallel': None, '__class__': <class 'pycaret.classification.oop.ClassificationExperiment'>}, exclude=None)
2025-03-14 18:06:41,916:INFO:Checking exceptions
2025-03-14 18:06:41,920:INFO:Preparing display monitor
2025-03-14 18:06:41,949:INFO:Initializing Logistic Regression
2025-03-14 18:06:41,950:INFO:Total runtime is 1.6709168752034504e-05 minutes
2025-03-14 18:06:41,954:INFO:SubProcess create_model() called ==================================
2025-03-14 18:06:41,955:INFO:Initializing create_model()
2025-03-14 18:06:41,955:INFO:create_model(self=<pycaret.classification.oop.ClassificationExperiment object at 0x000001EAB25976D0>, estimator=lr, fold=StratifiedKFold(n_splits=10, random_state=None, shuffle=False), round=4, cross_validation=True, predict=True, fit_kwargs={}, groups=None, refit=False, probability_threshold=None, experiment_custom_tags=None, verbose=False, system=False, add_to_model_list=True, metrics=None, display=<pycaret.internal.display.display.CommonDisplay object at 0x000001EAB2C79660>, model_only=True, return_train_score=False, error_score=0.0, kwargs={})
2025-03-14 18:06:41,956:INFO:Checking exceptions
2025-03-14 18:06:41,956:INFO:Importing libraries
2025-03-14 18:06:41,956:INFO:Copying training dataset
2025-03-14 18:06:41,960:INFO:Defining folds
2025-03-14 18:06:41,960:INFO:Declaring metric variables
2025-03-14 18:06:41,964:INFO:Importing untrained model
2025-03-14 18:06:41,971:INFO:Logistic Regression Imported successfully
2025-03-14 18:06:41,984:INFO:Starting cross validation
2025-03-14 18:06:41,985:INFO:Cross validating with StratifiedKFold(n_splits=10, random_state=None, shuffle=False), n_jobs=-1
