2025-01-03 07:47:52,988:WARNING:
'cuml' is a soft dependency and not included in the pycaret installation. Please run: `pip install cuml` to install.
2025-01-03 07:47:52,988:WARNING:
'cuml' is a soft dependency and not included in the pycaret installation. Please run: `pip install cuml` to install.
2025-01-03 07:47:52,988:WARNING:
'cuml' is a soft dependency and not included in the pycaret installation. Please run: `pip install cuml` to install.
2025-01-03 07:47:52,988:WARNING:
'cuml' is a soft dependency and not included in the pycaret installation. Please run: `pip install cuml` to install.
2025-01-03 07:50:19,304:WARNING:
'cuml' is a soft dependency and not included in the pycaret installation. Please run: `pip install cuml` to install.
2025-01-03 07:50:19,304:WARNING:
'cuml' is a soft dependency and not included in the pycaret installation. Please run: `pip install cuml` to install.
2025-01-03 07:50:19,304:WARNING:
'cuml' is a soft dependency and not included in the pycaret installation. Please run: `pip install cuml` to install.
2025-01-03 07:50:19,305:WARNING:
'cuml' is a soft dependency and not included in the pycaret installation. Please run: `pip install cuml` to install.
2025-01-03 07:50:20,526:WARNING:<ipython-input-1-3bd41af7ecb9>:10: UserWarning: 
The dash_core_components package is deprecated. Please replace
`import dash_core_components as dcc` with `from dash import dcc`
  import dash_core_components as dcc

2025-01-03 07:50:20,527:WARNING:<ipython-input-1-3bd41af7ecb9>:11: UserWarning: 
The dash_html_components package is deprecated. Please replace
`import dash_html_components as html` with `from dash import html`
  import dash_html_components as html

2025-01-03 07:50:21,584:INFO:PyCaret ClusteringExperiment
2025-01-03 07:50:21,584:INFO:Logging name: cluster-default-name
2025-01-03 07:50:21,585:INFO:ML Usecase: MLUsecase.CLUSTERING
2025-01-03 07:50:21,585:INFO:version 3.3.2
2025-01-03 07:50:21,585:INFO:Initializing setup()
2025-01-03 07:50:21,585:INFO:self.USI: ecfa
2025-01-03 07:50:21,585:INFO:self._variable_keys: {'log_plots_param', 'gpu_n_jobs_param', 'exp_name_log', '_ml_usecase', 'USI', 'pipeline', '_available_plots', 'memory', 'data', 'gpu_param', 'seed', 'idx', 'html_param', 'exp_id', 'n_jobs_param', 'logging_param', 'X'}
2025-01-03 07:50:21,585:INFO:Checking environment
2025-01-03 07:50:21,585:INFO:python_version: 3.10.8
2025-01-03 07:50:21,585:INFO:python_build: ('main', 'Nov 24 2022 14:07:00')
2025-01-03 07:50:21,585:INFO:machine: AMD64
2025-01-03 07:50:21,585:INFO:platform: Windows-10-10.0.22631-SP0
2025-01-03 07:50:21,586:INFO:Memory: svmem(total=7916920832, available=290799616, percent=96.3, used=7626121216, free=290799616)
2025-01-03 07:50:21,586:INFO:Physical Core: 6
2025-01-03 07:50:21,587:INFO:Logical Core: 6
2025-01-03 07:50:21,587:INFO:Checking libraries
2025-01-03 07:50:21,587:INFO:System:
2025-01-03 07:50:21,587:INFO:    python: 3.10.8 | packaged by conda-forge | (main, Nov 24 2022, 14:07:00) [MSC v.1916 64 bit (AMD64)]
2025-01-03 07:50:21,587:INFO:executable: c:\Users\RhysL\miniconda3\python.exe
2025-01-03 07:50:21,587:INFO:   machine: Windows-10-10.0.22631-SP0
2025-01-03 07:50:21,587:INFO:PyCaret required dependencies:
2025-01-03 07:50:21,755:INFO:                 pip: 22.3.1
2025-01-03 07:50:21,756:INFO:          setuptools: 65.5.0
2025-01-03 07:50:21,756:INFO:             pycaret: 3.3.2
2025-01-03 07:50:21,756:INFO:             IPython: 8.7.0
2025-01-03 07:50:21,756:INFO:          ipywidgets: 8.1.3
2025-01-03 07:50:21,756:INFO:                tqdm: 4.64.1
2025-01-03 07:50:21,756:INFO:               numpy: 1.23.5
2025-01-03 07:50:21,756:INFO:              pandas: 1.5.2
2025-01-03 07:50:21,756:INFO:              jinja2: 3.1.2
2025-01-03 07:50:21,756:INFO:               scipy: 1.10.1
2025-01-03 07:50:21,756:INFO:              joblib: 1.2.0
2025-01-03 07:50:21,756:INFO:             sklearn: 1.4.2
2025-01-03 07:50:21,756:INFO:                pyod: 2.0.3
2025-01-03 07:50:21,756:INFO:            imblearn: 0.12.4
2025-01-03 07:50:21,756:INFO:   category_encoders: 2.6.4
2025-01-03 07:50:21,757:INFO:            lightgbm: 4.5.0
2025-01-03 07:50:21,757:INFO:               numba: 0.60.0
2025-01-03 07:50:21,757:INFO:            requests: 2.31.0
2025-01-03 07:50:21,757:INFO:          matplotlib: 3.7.1
2025-01-03 07:50:21,757:INFO:          scikitplot: 0.3.7
2025-01-03 07:50:21,758:INFO:         yellowbrick: 1.5
2025-01-03 07:50:21,758:INFO:              plotly: 5.22.0
2025-01-03 07:50:21,758:INFO:    plotly-resampler: Not installed
2025-01-03 07:50:21,758:INFO:             kaleido: 0.2.1
2025-01-03 07:50:21,758:INFO:           schemdraw: 0.15
2025-01-03 07:50:21,758:INFO:         statsmodels: 0.13.5
2025-01-03 07:50:21,758:INFO:              sktime: 0.26.0
2025-01-03 07:50:21,758:INFO:               tbats: 1.1.3
2025-01-03 07:50:21,758:INFO:            pmdarima: 2.0.4
2025-01-03 07:50:21,758:INFO:              psutil: 5.9.0
2025-01-03 07:50:21,758:INFO:          markupsafe: 2.1.1
2025-01-03 07:50:21,759:INFO:             pickle5: Not installed
2025-01-03 07:50:21,759:INFO:         cloudpickle: 3.1.0
2025-01-03 07:50:21,759:INFO:         deprecation: 2.1.0
2025-01-03 07:50:21,759:INFO:              xxhash: 3.5.0
2025-01-03 07:50:21,759:INFO:           wurlitzer: Not installed
2025-01-03 07:50:21,759:INFO:PyCaret optional dependencies:
2025-01-03 07:50:21,787:INFO:                shap: Not installed
2025-01-03 07:50:21,787:INFO:           interpret: Not installed
2025-01-03 07:50:21,787:INFO:                umap: Not installed
2025-01-03 07:50:21,787:INFO:     ydata_profiling: Not installed
2025-01-03 07:50:21,787:INFO:  explainerdashboard: Not installed
2025-01-03 07:50:21,788:INFO:             autoviz: Not installed
2025-01-03 07:50:21,788:INFO:           fairlearn: Not installed
2025-01-03 07:50:21,788:INFO:          deepchecks: Not installed
2025-01-03 07:50:21,788:INFO:             xgboost: Not installed
2025-01-03 07:50:21,788:INFO:            catboost: Not installed
2025-01-03 07:50:21,788:INFO:              kmodes: Not installed
2025-01-03 07:50:21,788:INFO:             mlxtend: Not installed
2025-01-03 07:50:21,788:INFO:       statsforecast: Not installed
2025-01-03 07:50:21,788:INFO:        tune_sklearn: Not installed
2025-01-03 07:50:21,788:INFO:                 ray: Not installed
2025-01-03 07:50:21,788:INFO:            hyperopt: Not installed
2025-01-03 07:50:21,788:INFO:              optuna: 4.1.0
2025-01-03 07:50:21,788:INFO:               skopt: Not installed
2025-01-03 07:50:21,788:INFO:              mlflow: Not installed
2025-01-03 07:50:21,788:INFO:              gradio: Not installed
2025-01-03 07:50:21,788:INFO:             fastapi: Not installed
2025-01-03 07:50:21,789:INFO:             uvicorn: Not installed
2025-01-03 07:50:21,789:INFO:              m2cgen: Not installed
2025-01-03 07:50:21,789:INFO:           evidently: Not installed
2025-01-03 07:50:21,789:INFO:               fugue: Not installed
2025-01-03 07:50:21,789:INFO:           streamlit: Not installed
2025-01-03 07:50:21,789:INFO:             prophet: Not installed
2025-01-03 07:50:21,789:INFO:None
2025-01-03 07:50:21,789:INFO:Set up data.
2025-01-03 07:50:21,796:INFO:Set up index.
2025-01-03 07:50:21,797:INFO:Assigning column types.
2025-01-03 07:50:21,804:INFO:Engine successfully changes for model 'kmeans' to 'sklearn'.
2025-01-03 07:50:21,805:INFO:Engine for model 'dbscan' has not been set explicitly, hence returning None.
2025-01-03 07:50:21,805:WARNING:
'kmodes' is a soft dependency and not included in the pycaret installation. Please run: `pip install kmodes` to install.
Alternately, you can install this by running `pip install pycaret[models]`
2025-01-03 07:50:21,805:INFO:Engine for model 'dbscan' has not been set explicitly, hence returning None.
2025-01-03 07:50:21,805:WARNING:
'kmodes' is a soft dependency and not included in the pycaret installation. Please run: `pip install kmodes` to install.
Alternately, you can install this by running `pip install pycaret[models]`
2025-01-03 07:50:21,805:INFO:Engine successfully changes for model 'dbscan' to 'sklearn'.
2025-01-03 07:50:21,808:WARNING:
'kmodes' is a soft dependency and not included in the pycaret installation. Please run: `pip install kmodes` to install.
Alternately, you can install this by running `pip install pycaret[models]`
2025-01-03 07:50:21,808:WARNING:
'kmodes' is a soft dependency and not included in the pycaret installation. Please run: `pip install kmodes` to install.
Alternately, you can install this by running `pip install pycaret[models]`
2025-01-03 07:50:21,815:INFO:Preparing preprocessing pipeline...
2025-01-03 07:50:21,815:INFO:Set up simple imputation.
2025-01-03 07:50:21,849:INFO:Finished creating preprocessing pipeline.
2025-01-03 07:50:21,858:INFO:Pipeline: Pipeline(memory=FastMemory(location=C:\Users\RhysL\AppData\Local\Temp\joblib),
         steps=[('numerical_imputer',
                 TransformerWrapper(include=['Age', 'Income', 'SpendingScore',
                                             'Savings'],
                                    transformer=SimpleImputer())),
                ('categorical_imputer',
                 TransformerWrapper(include=[],
                                    transformer=SimpleImputer(strategy='most_frequent')))])
2025-01-03 07:50:21,859:INFO:Creating final display dataframe.
2025-01-03 07:50:21,890:INFO:Setup _display_container:                Description                 Value
0               Session id                   123
1      Original data shape              (505, 4)
2   Transformed data shape              (505, 4)
3         Numeric features                     4
4               Preprocess                  True
5          Imputation type                simple
6       Numeric imputation                  mean
7   Categorical imputation                  mode
8                 CPU Jobs                    -1
9                  Use GPU                 False
10          Log Experiment                 False
11         Experiment Name  cluster-default-name
12                     USI                  ecfa
2025-01-03 07:50:21,905:WARNING:
'kmodes' is a soft dependency and not included in the pycaret installation. Please run: `pip install kmodes` to install.
Alternately, you can install this by running `pip install pycaret[models]`
2025-01-03 07:50:21,905:WARNING:
'kmodes' is a soft dependency and not included in the pycaret installation. Please run: `pip install kmodes` to install.
Alternately, you can install this by running `pip install pycaret[models]`
2025-01-03 07:50:21,907:INFO:setup() successfully completed in 0.33s...............
2025-01-03 07:50:21,908:INFO:Initializing create_model()
2025-01-03 07:50:21,908:INFO:create_model(self=<pycaret.clustering.oop.ClusteringExperiment object at 0x0000016E20DC51E0>, estimator=kmeans, num_clusters=4, fraction=0.05, ground_truth=None, round=4, fit_kwargs=None, experiment_custom_tags=None, verbose=True, system=True, add_to_model_list=True, raise_num_clusters=False, display=None, kwargs={})
2025-01-03 07:50:21,908:INFO:Checking exceptions
2025-01-03 07:50:21,982:INFO:Importing untrained model
2025-01-03 07:50:22,020:INFO:K-Means Clustering Imported successfully
2025-01-03 07:50:22,041:INFO:Fitting Model
2025-01-03 07:50:22,562:INFO:KMeans(n_clusters=4, random_state=123)
2025-01-03 07:50:22,562:INFO:create_models() successfully completed......................................
2025-01-03 07:50:22,567:INFO:Uploading results into container
2025-01-03 07:50:22,572:INFO:Uploading model into container now
2025-01-03 07:50:22,582:INFO:_master_model_container: 1
2025-01-03 07:50:22,582:INFO:_display_container: 2
2025-01-03 07:50:22,583:INFO:KMeans(n_clusters=4, random_state=123)
2025-01-03 07:50:22,583:INFO:create_model() successfully completed......................................
2025-01-03 07:50:22,687:INFO:Initializing assign_model()
2025-01-03 07:50:22,687:INFO:assign_model(self=<pycaret.clustering.oop.ClusteringExperiment object at 0x0000016E20DC51E0>, model=KMeans(n_clusters=4, random_state=123), transformation=False, score=True, verbose=True)
2025-01-03 07:50:22,687:INFO:Checking exceptions
2025-01-03 07:50:22,688:INFO:Determining Trained Model
2025-01-03 07:50:22,689:INFO:Trained Model : K-Means Clustering
2025-01-03 07:50:22,689:INFO:Copying data
2025-01-03 07:50:22,691:INFO:(505, 5)
2025-01-03 07:50:22,691:INFO:assign_model() successfully completed......................................
2025-01-03 07:58:38,080:WARNING:
'cuml' is a soft dependency and not included in the pycaret installation. Please run: `pip install cuml` to install.
2025-01-03 07:58:38,080:WARNING:
'cuml' is a soft dependency and not included in the pycaret installation. Please run: `pip install cuml` to install.
2025-01-03 07:58:38,080:WARNING:
'cuml' is a soft dependency and not included in the pycaret installation. Please run: `pip install cuml` to install.
2025-01-03 07:58:38,080:WARNING:
'cuml' is a soft dependency and not included in the pycaret installation. Please run: `pip install cuml` to install.
2025-03-14 18:03:27,056:WARNING:
'cuml' is a soft dependency and not included in the pycaret installation. Please run: `pip install cuml` to install.
2025-03-14 18:03:27,056:WARNING:
'cuml' is a soft dependency and not included in the pycaret installation. Please run: `pip install cuml` to install.
2025-03-14 18:03:27,056:WARNING:
'cuml' is a soft dependency and not included in the pycaret installation. Please run: `pip install cuml` to install.
2025-03-14 18:03:27,056:WARNING:
'cuml' is a soft dependency and not included in the pycaret installation. Please run: `pip install cuml` to install.
